Log file open, 06/08/20 13:41:25
LogInit: Display: Running engine for game: CandyBomination
LogPlatformFile: Not using cached read wrapper
LogTaskGraph: Started task graph with 5 named threads and 23 total threads with 3 sets of task threads.
LogStats: Stats thread started at 0.117431
LogD3D11RHI: Loaded GFSDK_Aftermath_Lib.x64.dll
LogICUInternationalization: ICU TimeZone Detection - Raw Offset: -5:00, Platform Override: ''
LogPluginManager: Mounting plugin Paper2D
LogPluginManager: Mounting plugin AISupport
LogPluginManager: Mounting plugin LightPropagationVolume
LogPluginManager: Mounting plugin CameraShakePreviewer
LogPluginManager: Mounting plugin ActorLayerUtilities
LogPluginManager: Mounting plugin AnimationSharing
LogPluginManager: Mounting plugin CLionSourceCodeAccess
LogPluginManager: Mounting plugin CodeLiteSourceCodeAccess
LogPluginManager: Mounting plugin GitSourceControl
LogPluginManager: Mounting plugin KDevelopSourceCodeAccess
LogPluginManager: Mounting plugin NullSourceCodeAccess
LogPluginManager: Mounting plugin PerforceSourceControl
LogPluginManager: Mounting plugin PlasticSourceControl
LogPluginManager: Mounting plugin RiderSourceCodeAccess
LogPluginManager: Mounting plugin SubversionSourceControl
LogPluginManager: Mounting plugin UObjectPlugin
LogPluginManager: Mounting plugin VisualStudioCodeSourceCodeAccess
LogPluginManager: Mounting plugin VisualStudioSourceCodeAccess
LogPluginManager: Mounting plugin XCodeSourceCodeAccess
LogPluginManager: Mounting plugin AssetManagerEditor
LogPluginManager: Mounting plugin CryptoKeys
LogPluginManager: Mounting plugin CurveEditorTools
LogPluginManager: Mounting plugin DataValidation
LogPluginManager: Mounting plugin EditorScriptingUtilities
LogPluginManager: Mounting plugin FacialAnimation
LogPluginManager: Mounting plugin GameplayTagsEditor
LogPluginManager: Mounting plugin GeometryMode
LogPluginManager: Mounting plugin MacGraphicsSwitching
LogPluginManager: Mounting plugin MaterialAnalyzer
LogPluginManager: Mounting plugin MobileLauncherProfileWizard
LogPluginManager: Mounting plugin PluginBrowser
LogPluginManager: Mounting plugin SpeedTreeImporter
LogPluginManager: Mounting plugin DatasmithContent
LogPluginManager: Mounting plugin VariantManagerContent
LogPluginManager: Mounting plugin AlembicImporter
LogPluginManager: Mounting plugin AutomationUtils
LogPluginManager: Mounting plugin BackChannel
LogPluginManager: Mounting plugin ChaosCloth
LogPluginManager: Mounting plugin ChaosClothEditor
LogPluginManager: Mounting plugin ChaosEditor
LogPluginManager: Mounting plugin ChaosNiagara
LogPluginManager: Mounting plugin ChaosSolverPlugin
LogPluginManager: Mounting plugin CharacterAI
LogPluginManager: Mounting plugin GeometryCache
LogPluginManager: Mounting plugin GeometryCollectionPlugin
LogPluginManager: Mounting plugin GeometryProcessing
LogPluginManager: Mounting plugin PlanarCut
LogPluginManager: Mounting plugin PlatformCrypto
LogPluginManager: Mounting plugin ProxyLODPlugin
LogPluginManager: Mounting plugin SkeletalReduction
LogPluginManager: Mounting plugin Niagara
LogPluginManager: Mounting plugin MagicLeap
LogPluginManager: Mounting plugin MagicLeapLightEstimation
LogPluginManager: Mounting plugin MagicLeapMedia
LogPluginManager: Mounting plugin MagicLeapPassableWorld
LogPluginManager: Mounting plugin MLSDK
LogPluginManager: Mounting plugin AndroidMedia
LogPluginManager: Mounting plugin AvfMedia
LogPluginManager: Mounting plugin ImgMedia
LogPluginManager: Mounting plugin MediaCompositing
LogPluginManager: Mounting plugin MediaPlayerEditor
LogPluginManager: Mounting plugin WebMMedia
LogPluginManager: Mounting plugin WmfMedia
LogPluginManager: Mounting plugin MeshPainting
LogPluginManager: Mounting plugin TcpMessaging
LogPluginManager: Mounting plugin UdpMessaging
LogPluginManager: Mounting plugin ActorSequence
LogPluginManager: Mounting plugin LevelSequenceEditor
LogPluginManager: Mounting plugin MatineeToLevelSequence
LogPluginManager: Mounting plugin MovieRenderPipeline
LogPluginManager: Mounting plugin TemplateSequence
LogPluginManager: Mounting plugin NetcodeUnitTest
LogPluginManager: Mounting plugin NUTUnrealEngine4
LogPluginManager: Mounting plugin OnlineSubsystemGooglePlay
LogPluginManager: Mounting plugin OnlineSubsystemIOS
LogPluginManager: Mounting plugin OnlineSubsystem
LogPluginManager: Mounting plugin OnlineSubsystemNull
LogPluginManager: Mounting plugin OnlineSubsystemUtils
LogPluginManager: Mounting plugin LauncherChunkInstaller
LogPluginManager: Mounting plugin AndroidDeviceProfileSelector
LogPluginManager: Mounting plugin AndroidMoviePlayer
LogPluginManager: Mounting plugin AndroidPermission
LogPluginManager: Mounting plugin AppleImageUtils
LogPluginManager: Mounting plugin AppleMoviePlayer
LogPluginManager: Mounting plugin ArchVisCharacter
LogPluginManager: Mounting plugin AssetTags
LogPluginManager: Mounting plugin AudioCapture
LogPluginManager: Mounting plugin CableComponent
LogPluginManager: Mounting plugin CustomMeshComponent
LogPluginManager: Mounting plugin EditableMesh
LogPluginManager: Mounting plugin ExampleDeviceProfileSelector
LogPluginManager: Mounting plugin GoogleCloudMessaging
LogPluginManager: Mounting plugin GooglePAD
LogPluginManager: Mounting plugin IOSDeviceProfileSelector
LogPluginManager: Mounting plugin LinuxDeviceProfileSelector
LogPluginManager: Mounting plugin LocationServicesBPLibrary
LogPluginManager: Mounting plugin MobilePatchingUtils
LogPluginManager: Mounting plugin OculusVR
LogPluginManager: Mounting plugin PhysXVehicles
LogPluginManager: Mounting plugin PostSplashScreen
LogPluginManager: Mounting plugin ProceduralMeshComponent
LogPluginManager: Mounting plugin RuntimePhysXCooking
LogPluginManager: Mounting plugin SignificanceManager
LogPluginManager: Mounting plugin SoundFields
LogPluginManager: Mounting plugin SteamVR
LogPluginManager: Mounting plugin Synthesis
LogPluginManager: Mounting plugin WebMMoviePlayer
LogPluginManager: Mounting plugin WindowsMoviePlayer
LogPluginManager: Mounting plugin ScreenshotTools
LogInit: Using libcurl 7.55.1-DEV
LogInit:  - built for x86_64-pc-win32
LogInit:  - supports SSL with OpenSSL/1.1.1
LogInit:  - supports HTTP deflate (compression) using libz 1.2.8
LogInit:  - other features:
LogInit:      CURL_VERSION_SSL
LogInit:      CURL_VERSION_LIBZ
LogInit:      CURL_VERSION_IPV6
LogInit:      CURL_VERSION_ASYNCHDNS
LogInit:      CURL_VERSION_LARGEFILE
LogInit:      CURL_VERSION_IDN
LogInit:  CurlRequestOptions (configurable via config and command line):
LogInit:  - bVerifyPeer = true  - Libcurl will verify peer certificate
LogInit:  - bUseHttpProxy = false  - Libcurl will NOT use HTTP proxy
LogInit:  - bDontReuseConnections = false  - Libcurl will reuse connections
LogInit:  - MaxHostConnections = 16  - Libcurl will limit the number of connections to a host
LogInit:  - LocalHostAddr = Default
LogInit:  - BufferSize = 65536
LogOnline: OSS: Creating online subsystem instance for: NULL
LogInit: WinSock: version 1.1 (2.2), MaxSocks=32767, MaxUdp=65467
LogOnline: OSS: TryLoadSubsystemAndSetDefault: Loaded subsystem for module [NULL]
LogInit: Build: ++UE4+Release-4.25-CL-13144385
LogInit: Engine Version: 4.25.0-13144385+++UE4+Release-4.25
LogInit: Compatible Engine Version: 4.25.0-13144385+++UE4+Release-4.25
LogInit: Net CL: 13144385
LogInit: OS: Windows 10 (Release 1809) (), CPU: Intel(R) Core(TM) i7-6700K CPU @ 4.00GHz, GPU: AMD Radeon (TM) RX 480
LogInit: Compiled (64-bit): May  2 2020 02:12:11
LogInit: Compiled with Visual C++: 19.24.28315.00
LogInit: Build Configuration: Development
LogInit: Branch Name: ++UE4+Release-4.25
LogInit: Command Line: 
LogInit: Base Directory: C:/Users/beaul/Desktop/Unreal Engine/UE_4.25/Engine/Binaries/Win64/
LogInit: Allocator: TBB
LogInit: Installed Engine Build: 1
LogDevObjectVersion: Number of dev versions registered: 26
LogDevObjectVersion:   Dev-Blueprints (B0D832E4-1F89-4F0D-ACCF-7EB736FD4AA2): 10
LogDevObjectVersion:   Dev-Build (E1C64328-A22C-4D53-A36C-8E866417BD8C): 0
LogDevObjectVersion:   Dev-Core (375EC13C-06E4-48FB-B500-84F0262A717E): 4
LogDevObjectVersion:   Dev-Editor (E4B068ED-F494-42E9-A231-DA0B2E46BB41): 38
LogDevObjectVersion:   Dev-Framework (CFFC743F-43B0-4480-9391-14DF171D2073): 37
LogDevObjectVersion:   Dev-Mobile (B02B49B5-BB20-44E9-A304-32B752E40360): 2
LogDevObjectVersion:   Dev-Networking (A4E4105C-59A1-49B5-A7C5-40C4547EDFEE): 0
LogDevObjectVersion:   Dev-Online (39C831C9-5AE6-47DC-9A44-9C173E1C8E7C): 0
LogDevObjectVersion:   Dev-Physics (78F01B33-EBEA-4F98-B9B4-84EACCB95AA2): 4
LogDevObjectVersion:   Dev-Platform (6631380F-2D4D-43E0-8009-CF276956A95A): 0
LogDevObjectVersion:   Dev-Rendering (12F88B9F-8875-4AFC-A67C-D90C383ABD29): 43
LogDevObjectVersion:   Dev-Sequencer (7B5AE74C-D270-4C10-A958-57980B212A5A): 12
LogDevObjectVersion:   Dev-VR (D7296918-1DD6-4BDD-9DE2-64A83CC13884): 3
LogDevObjectVersion:   Dev-LoadTimes (C2A15278-BFE7-4AFE-6C17-90FF531DF755): 1
LogDevObjectVersion:   Private-Geometry (6EACA3D4-40EC-4CC1-B786-8BED09428FC5): 3
LogDevObjectVersion:   Dev-AnimPhys (29E575DD-E0A3-4627-9D10-D276232CDCEA): 17
LogDevObjectVersion:   Dev-Anim (AF43A65D-7FD3-4947-9873-3E8ED9C1BB05): 7
LogDevObjectVersion:   Dev-ReflectionCapture (6B266CEC-1EC7-4B8F-A30B-E4D90942FC07): 1
LogDevObjectVersion:   Dev-Automation (0DF73D61-A23F-47EA-B727-89E90C41499A): 1
LogDevObjectVersion:   FortniteMain (601D1886-AC64-4F84-AA16-D3DE0DEAC7D6): 31
LogDevObjectVersion:   Dev-Enterprise (9DFFBCD6-494F-0158-E221-12823C92A888): 10
LogDevObjectVersion:   Dev-Niagara (F2AED0AC-9AFE-416F-8664-AA7FFA26D6FC): 1
LogDevObjectVersion:   Dev-Destruction (174F1F0B-B4C6-45A5-B13F-2EE8D0FB917D): 10
LogDevObjectVersion:   Dev-Physics-Ext (35F94A83-E258-406C-A318-09F59610247C): 37
LogDevObjectVersion:   Dev-PhysicsMaterial-Chaos (B68FC16E-8B1B-42E2-B453-215C058844FE): 1
LogDevObjectVersion:   Dev-CineCamera (B2E18506-4273-CFC2-A54E-F4BB758BBA07): 1
LogInit: Presizing for max 25165824 objects, including 0 objects not considered by GC, pre-allocating 0 bytes for permanent pool.
LogConfig: Applying CVar settings from Section [/Script/Engine.StreamingSettings] File [C:/Users/beaul/OneDrive/Documents/Unreal Projects/CandyBomination/Saved/Config/Windows/Engine.ini]
LogConfig: Setting CVar [[s.MinBulkDataSizeForAsyncLoading:131072]]
LogConfig: Setting CVar [[s.AsyncLoadingThreadEnabled:0]]
LogConfig: Setting CVar [[s.EventDrivenLoaderEnabled:1]]
LogConfig: Setting CVar [[s.WarnIfTimeLimitExceeded:0]]
LogConfig: Setting CVar [[s.TimeLimitExceededMultiplier:1.5]]
LogConfig: Setting CVar [[s.TimeLimitExceededMinTime:0.005]]
LogConfig: Setting CVar [[s.UseBackgroundLevelStreaming:1]]
LogConfig: Setting CVar [[s.PriorityAsyncLoadingExtraTime:15.0]]
LogConfig: Setting CVar [[s.LevelStreamingActorsUpdateTimeLimit:5.0]]
LogConfig: Setting CVar [[s.PriorityLevelStreamingActorsUpdateExtraTime:5.0]]
LogConfig: Setting CVar [[s.LevelStreamingComponentsRegistrationGranularity:10]]
LogConfig: Setting CVar [[s.UnregisterComponentsTimeLimit:1.0]]
LogConfig: Setting CVar [[s.LevelStreamingComponentsUnregistrationGranularity:5]]
LogConfig: Setting CVar [[s.FlushStreamingOnExit:1]]
LogInit: Object subsystem initialized
LogConfig: Setting CVar [[con.DebugEarlyDefault:1]]
LogConfig: Setting CVar [[r.setres:1280x720]]
[2020.06.08-17.41.26:177][  0]LogConfig: Setting CVar [[r.VSync:0]]
[2020.06.08-17.41.26:177][  0]LogConfig: Setting CVar [[r.RHICmdBypass:0]]
[2020.06.08-17.41.26:177][  0]LogConfig: Applying CVar settings from Section [/Script/Engine.RendererSettings] File [C:/Users/beaul/OneDrive/Documents/Unreal Projects/CandyBomination/Saved/Config/Windows/Engine.ini]
[2020.06.08-17.41.26:177][  0]LogConfig: Setting CVar [[r.GPUCrashDebugging:0]]
[2020.06.08-17.41.26:177][  0]LogConfig: Applying CVar settings from Section [/Script/Engine.RendererOverrideSettings] File [C:/Users/beaul/OneDrive/Documents/Unreal Projects/CandyBomination/Saved/Config/Windows/Engine.ini]
[2020.06.08-17.41.26:177][  0]LogConfig: Applying CVar settings from Section [/Script/Engine.StreamingSettings] File [C:/Users/beaul/OneDrive/Documents/Unreal Projects/CandyBomination/Saved/Config/Windows/Engine.ini]
[2020.06.08-17.41.26:178][  0]LogConfig: Setting CVar [[s.MinBulkDataSizeForAsyncLoading:131072]]
[2020.06.08-17.41.26:178][  0]LogConfig: Setting CVar [[s.AsyncLoadingThreadEnabled:0]]
[2020.06.08-17.41.26:178][  0]LogConfig: Setting CVar [[s.EventDrivenLoaderEnabled:1]]
[2020.06.08-17.41.26:178][  0]LogConfig: Setting CVar [[s.WarnIfTimeLimitExceeded:0]]
[2020.06.08-17.41.26:178][  0]LogConfig: Setting CVar [[s.TimeLimitExceededMultiplier:1.5]]
[2020.06.08-17.41.26:178][  0]LogConfig: Setting CVar [[s.TimeLimitExceededMinTime:0.005]]
[2020.06.08-17.41.26:178][  0]LogConfig: Setting CVar [[s.UseBackgroundLevelStreaming:1]]
[2020.06.08-17.41.26:178][  0]LogConfig: Setting CVar [[s.PriorityAsyncLoadingExtraTime:15.0]]
[2020.06.08-17.41.26:178][  0]LogConfig: Setting CVar [[s.LevelStreamingActorsUpdateTimeLimit:5.0]]
[2020.06.08-17.41.26:178][  0]LogConfig: Setting CVar [[s.PriorityLevelStreamingActorsUpdateExtraTime:5.0]]
[2020.06.08-17.41.26:178][  0]LogConfig: Setting CVar [[s.LevelStreamingComponentsRegistrationGranularity:10]]
[2020.06.08-17.41.26:178][  0]LogConfig: Setting CVar [[s.UnregisterComponentsTimeLimit:1.0]]
[2020.06.08-17.41.26:178][  0]LogConfig: Setting CVar [[s.LevelStreamingComponentsUnregistrationGranularity:5]]
[2020.06.08-17.41.26:178][  0]LogConfig: Setting CVar [[s.FlushStreamingOnExit:1]]
[2020.06.08-17.41.26:178][  0]LogConfig: Applying CVar settings from Section [/Script/Engine.GarbageCollectionSettings] File [C:/Users/beaul/OneDrive/Documents/Unreal Projects/CandyBomination/Saved/Config/Windows/Engine.ini]
[2020.06.08-17.41.26:178][  0]LogConfig: Setting CVar [[gc.MaxObjectsNotConsideredByGC:1]]
[2020.06.08-17.41.26:178][  0]LogConfig: Setting CVar [[gc.SizeOfPermanentObjectPool:0]]
[2020.06.08-17.41.26:178][  0]LogConfig: Setting CVar [[gc.FlushStreamingOnGC:0]]
[2020.06.08-17.41.26:178][  0]LogConfig: Setting CVar [[gc.NumRetriesBeforeForcingGC:10]]
[2020.06.08-17.41.26:178][  0]LogConfig: Setting CVar [[gc.AllowParallelGC:1]]
[2020.06.08-17.41.26:178][  0]LogConfig: Setting CVar [[gc.TimeBetweenPurgingPendingKillObjects:61.1]]
[2020.06.08-17.41.26:178][  0]LogConfig: Setting CVar [[gc.MaxObjectsInEditor:25165824]]
[2020.06.08-17.41.26:178][  0]LogConfig: Setting CVar [[gc.IncrementalBeginDestroyEnabled:1]]
[2020.06.08-17.41.26:178][  0]LogConfig: Setting CVar [[gc.CreateGCClusters:1]]
[2020.06.08-17.41.26:178][  0]LogConfig: Setting CVar [[gc.MinGCClusterSize:5]]
[2020.06.08-17.41.26:178][  0]LogConfig: Setting CVar [[gc.ActorClusteringEnabled:0]]
[2020.06.08-17.41.26:178][  0]LogConfig: Setting CVar [[gc.BlueprintClusteringEnabled:0]]
[2020.06.08-17.41.26:178][  0]LogConfig: Setting CVar [[gc.UseDisregardForGCOnDedicatedServers:0]]
[2020.06.08-17.41.26:178][  0]LogConfig: Applying CVar settings from Section [/Script/Engine.NetworkSettings] File [C:/Users/beaul/OneDrive/Documents/Unreal Projects/CandyBomination/Saved/Config/Windows/Engine.ini]
[2020.06.08-17.41.26:178][  0]LogConfig: Applying CVar settings from Section [/Script/UnrealEd.CookerSettings] File [C:/Users/beaul/OneDrive/Documents/Unreal Projects/CandyBomination/Saved/Config/Windows/Engine.ini]
[2020.06.08-17.41.26:187][  0]LogConfig: Applying CVar settings from Section [ViewDistanceQuality@3] File [C:/Users/beaul/OneDrive/Documents/Unreal Projects/CandyBomination/Saved/Config/Windows/Scalability.ini]
[2020.06.08-17.41.26:187][  0]LogConfig: Setting CVar [[r.SkeletalMeshLODBias:0]]
[2020.06.08-17.41.26:187][  0]LogConfig: Setting CVar [[r.ViewDistanceScale:1.0]]
[2020.06.08-17.41.26:187][  0]LogConfig: Applying CVar settings from Section [AntiAliasingQuality@3] File [C:/Users/beaul/OneDrive/Documents/Unreal Projects/CandyBomination/Saved/Config/Windows/Scalability.ini]
[2020.06.08-17.41.26:187][  0]LogConfig: Setting CVar [[r.PostProcessAAQuality:4]]
[2020.06.08-17.41.26:187][  0]LogConfig: Applying CVar settings from Section [ShadowQuality@3] File [C:/Users/beaul/OneDrive/Documents/Unreal Projects/CandyBomination/Saved/Config/Windows/Scalability.ini]
[2020.06.08-17.41.26:187][  0]LogConfig: Setting CVar [[r.LightFunctionQuality:1]]
[2020.06.08-17.41.26:187][  0]LogConfig: Setting CVar [[r.ShadowQuality:5]]
[2020.06.08-17.41.26:187][  0]LogConfig: Setting CVar [[r.Shadow.CSM.MaxCascades:10]]
[2020.06.08-17.41.26:187][  0]LogConfig: Setting CVar [[r.Shadow.MaxResolution:2048]]
[2020.06.08-17.41.26:187][  0]LogConfig: Setting CVar [[r.Shadow.MaxCSMResolution:2048]]
[2020.06.08-17.41.26:187][  0]LogConfig: Setting CVar [[r.Shadow.RadiusThreshold:0.01]]
[2020.06.08-17.41.26:187][  0]LogConfig: Setting CVar [[r.Shadow.DistanceScale:1.0]]
[2020.06.08-17.41.26:187][  0]LogConfig: Setting CVar [[r.Shadow.CSM.TransitionScale:1.0]]
[2020.06.08-17.41.26:187][  0]LogConfig: Setting CVar [[r.Shadow.PreShadowResolutionFactor:1.0]]
[2020.06.08-17.41.26:187][  0]LogConfig: Setting CVar [[r.DistanceFieldShadowing:1]]
[2020.06.08-17.41.26:187][  0]LogConfig: Setting CVar [[r.DistanceFieldAO:1]]
[2020.06.08-17.41.26:187][  0]LogConfig: Setting CVar [[r.AOQuality:2]]
[2020.06.08-17.41.26:187][  0]LogConfig: Setting CVar [[r.VolumetricFog:1]]
[2020.06.08-17.41.26:187][  0]LogConfig: Setting CVar [[r.VolumetricFog.GridPixelSize:8]]
[2020.06.08-17.41.26:187][  0]LogConfig: Setting CVar [[r.VolumetricFog.GridSizeZ:128]]
[2020.06.08-17.41.26:187][  0]LogConfig: Setting CVar [[r.VolumetricFog.HistoryMissSupersampleCount:4]]
[2020.06.08-17.41.26:187][  0]LogConfig: Setting CVar [[r.LightMaxDrawDistanceScale:1]]
[2020.06.08-17.41.26:187][  0]LogConfig: Setting CVar [[r.CapsuleShadows:1]]
[2020.06.08-17.41.26:188][  0]LogConfig: Applying CVar settings from Section [PostProcessQuality@3] File [C:/Users/beaul/OneDrive/Documents/Unreal Projects/CandyBomination/Saved/Config/Windows/Scalability.ini]
[2020.06.08-17.41.26:188][  0]LogConfig: Setting CVar [[r.MotionBlurQuality:4]]
[2020.06.08-17.41.26:188][  0]LogConfig: Setting CVar [[r.AmbientOcclusionMipLevelFactor:0.4]]
[2020.06.08-17.41.26:188][  0]LogConfig: Setting CVar [[r.AmbientOcclusionMaxQuality:100]]
[2020.06.08-17.41.26:188][  0]LogConfig: Setting CVar [[r.AmbientOcclusionLevels:-1]]
[2020.06.08-17.41.26:188][  0]LogConfig: Setting CVar [[r.AmbientOcclusionRadiusScale:1.0]]
[2020.06.08-17.41.26:188][  0]LogConfig: Setting CVar [[r.DepthOfFieldQuality:2]]
[2020.06.08-17.41.26:188][  0]LogConfig: Setting CVar [[r.RenderTargetPoolMin:400]]
[2020.06.08-17.41.26:188][  0]LogConfig: Setting CVar [[r.LensFlareQuality:2]]
[2020.06.08-17.41.26:188][  0]LogConfig: Setting CVar [[r.SceneColorFringeQuality:1]]
[2020.06.08-17.41.26:188][  0]LogConfig: Setting CVar [[r.EyeAdaptationQuality:2]]
[2020.06.08-17.41.26:188][  0]LogConfig: Setting CVar [[r.BloomQuality:5]]
[2020.06.08-17.41.26:188][  0]LogConfig: Setting CVar [[r.FastBlurThreshold:100]]
[2020.06.08-17.41.26:188][  0]LogConfig: Setting CVar [[r.Upscale.Quality:3]]
[2020.06.08-17.41.26:188][  0]LogConfig: Setting CVar [[r.Tonemapper.GrainQuantization:1]]
[2020.06.08-17.41.26:188][  0]LogConfig: Setting CVar [[r.LightShaftQuality:1]]
[2020.06.08-17.41.26:188][  0]LogConfig: Setting CVar [[r.Filter.SizeScale:1]]
[2020.06.08-17.41.26:188][  0]LogConfig: Setting CVar [[r.Tonemapper.Quality:5]]
[2020.06.08-17.41.26:188][  0]LogConfig: Setting CVar [[r.DOF.Gather.AccumulatorQuality:1        ; higher gathering accumulator quality]]
[2020.06.08-17.41.26:188][  0]LogConfig: Setting CVar [[r.DOF.Gather.PostfilterMethod:1          ; Median3x3 postfilering method]]
[2020.06.08-17.41.26:188][  0]LogConfig: Setting CVar [[r.DOF.Gather.EnableBokehSettings:0       ; no bokeh simulation when gathering]]
[2020.06.08-17.41.26:188][  0]LogConfig: Setting CVar [[r.DOF.Gather.RingCount:4                 ; medium number of samples when gathering]]
[2020.06.08-17.41.26:188][  0]LogConfig: Setting CVar [[r.DOF.Scatter.ForegroundCompositing:1    ; additive foreground scattering]]
[2020.06.08-17.41.26:188][  0]LogConfig: Setting CVar [[r.DOF.Scatter.BackgroundCompositing:2    ; additive background scattering]]
[2020.06.08-17.41.26:188][  0]LogConfig: Setting CVar [[r.DOF.Scatter.EnableBokehSettings:1      ; bokeh simulation when scattering]]
[2020.06.08-17.41.26:188][  0]LogConfig: Setting CVar [[r.DOF.Scatter.MaxSpriteRatio:0.1         ; only a maximum of 10% of scattered bokeh]]
[2020.06.08-17.41.26:188][  0]LogConfig: Setting CVar [[r.DOF.Recombine.Quality:1                ; cheap slight out of focus]]
[2020.06.08-17.41.26:188][  0]LogConfig: Setting CVar [[r.DOF.Recombine.EnableBokehSettings:0    ; no bokeh simulation on slight out of focus]]
[2020.06.08-17.41.26:188][  0]LogConfig: Setting CVar [[r.DOF.TemporalAAQuality:1                ; more stable temporal accumulation]]
[2020.06.08-17.41.26:188][  0]LogConfig: Setting CVar [[r.DOF.Kernel.MaxForegroundRadius:0.025]]
[2020.06.08-17.41.26:188][  0]LogConfig: Setting CVar [[r.DOF.Kernel.MaxBackgroundRadius:0.025]]
[2020.06.08-17.41.26:188][  0]LogConfig: Applying CVar settings from Section [TextureQuality@3] File [C:/Users/beaul/OneDrive/Documents/Unreal Projects/CandyBomination/Saved/Config/Windows/Scalability.ini]
[2020.06.08-17.41.26:188][  0]LogConfig: Setting CVar [[r.Streaming.MipBias:0]]
[2020.06.08-17.41.26:188][  0]LogConfig: Setting CVar [[r.Streaming.AmortizeCPUToGPUCopy:0]]
[2020.06.08-17.41.26:188][  0]LogConfig: Setting CVar [[r.Streaming.MaxNumTexturesToStreamPerFrame:0]]
[2020.06.08-17.41.26:188][  0]LogConfig: Setting CVar [[r.Streaming.Boost:1]]
[2020.06.08-17.41.26:188][  0]LogConfig: Setting CVar [[r.MaxAnisotropy:8]]
[2020.06.08-17.41.26:188][  0]LogConfig: Setting CVar [[r.VT.MaxAnisotropy:8]]
[2020.06.08-17.41.26:188][  0]LogConfig: Setting CVar [[r.Streaming.LimitPoolSizeToVRAM:0]]
[2020.06.08-17.41.26:188][  0]LogConfig: Setting CVar [[r.Streaming.PoolSize:1000]]
[2020.06.08-17.41.26:188][  0]LogConfig: Setting CVar [[r.Streaming.MaxEffectiveScreenSize:0]]
[2020.06.08-17.41.26:188][  0]LogConfig: Applying CVar settings from Section [EffectsQuality@3] File [C:/Users/beaul/OneDrive/Documents/Unreal Projects/CandyBomination/Saved/Config/Windows/Scalability.ini]
[2020.06.08-17.41.26:188][  0]LogConfig: Setting CVar [[r.TranslucencyLightingVolumeDim:64]]
[2020.06.08-17.41.26:188][  0]LogConfig: Setting CVar [[r.RefractionQuality:2]]
[2020.06.08-17.41.26:188][  0]LogConfig: Setting CVar [[r.SSR.Quality:3]]
[2020.06.08-17.41.26:188][  0]LogConfig: Setting CVar [[r.SSR.HalfResSceneColor:0]]
[2020.06.08-17.41.26:189][  0]LogConfig: Setting CVar [[r.SceneColorFormat:4]]
[2020.06.08-17.41.26:189][  0]LogConfig: Setting CVar [[r.DetailMode:2]]
[2020.06.08-17.41.26:189][  0]LogConfig: Setting CVar [[r.TranslucencyVolumeBlur:1]]
[2020.06.08-17.41.26:189][  0]LogConfig: Setting CVar [[r.MaterialQualityLevel:1 ; High quality]]
[2020.06.08-17.41.26:189][  0]LogConfig: Setting CVar [[r.SSS.Scale:1]]
[2020.06.08-17.41.26:189][  0]LogConfig: Setting CVar [[r.SSS.SampleSet:2]]
[2020.06.08-17.41.26:189][  0]LogConfig: Setting CVar [[r.SSS.Quality:1]]
[2020.06.08-17.41.26:189][  0]LogConfig: Setting CVar [[r.SSS.HalfRes:0]]
[2020.06.08-17.41.26:189][  0]LogConfig: Setting CVar [[r.SSGI.Quality:3]]
[2020.06.08-17.41.26:189][  0]LogConfig: Setting CVar [[r.EmitterSpawnRateScale:1.0]]
[2020.06.08-17.41.26:189][  0]LogConfig: Setting CVar [[r.ParticleLightQuality:2]]
[2020.06.08-17.41.26:189][  0]LogConfig: Setting CVar [[r.SkyAtmosphere.AerialPerspectiveLUT.FastApplyOnOpaque:1 ; Always have FastSkyLUT 1 in this case to avoid wrong sky]]
[2020.06.08-17.41.26:189][  0]LogConfig: Setting CVar [[r.SkyAtmosphere.AerialPerspectiveLUT.SampleCountPerSlice:1]]
[2020.06.08-17.41.26:189][  0]LogConfig: Setting CVar [[r.SkyAtmosphere.AerialPerspectiveLUT.DepthResolution:16.0]]
[2020.06.08-17.41.26:189][  0]LogConfig: Setting CVar [[r.SkyAtmosphere.FastSkyLUT:1]]
[2020.06.08-17.41.26:189][  0]LogConfig: Setting CVar [[r.SkyAtmosphere.FastSkyLUT.SampleCountMin:4.0]]
[2020.06.08-17.41.26:189][  0]LogConfig: Setting CVar [[r.SkyAtmosphere.FastSkyLUT.SampleCountMax:32.0]]
[2020.06.08-17.41.26:189][  0]LogConfig: Setting CVar [[r.SkyAtmosphere.SampleCountMin:4.0]]
[2020.06.08-17.41.26:189][  0]LogConfig: Setting CVar [[r.SkyAtmosphere.SampleCountMax:32.0]]
[2020.06.08-17.41.26:189][  0]LogConfig: Setting CVar [[r.SkyAtmosphere.TransmittanceLUT.UseSmallFormat:0]]
[2020.06.08-17.41.26:189][  0]LogConfig: Setting CVar [[r.SkyAtmosphere.TransmittanceLUT.SampleCount:10.0]]
[2020.06.08-17.41.26:189][  0]LogConfig: Setting CVar [[r.SkyAtmosphere.MultiScatteringLUT.SampleCount:15.0]]
[2020.06.08-17.41.26:189][  0]LogConfig: Applying CVar settings from Section [FoliageQuality@3] File [C:/Users/beaul/OneDrive/Documents/Unreal Projects/CandyBomination/Saved/Config/Windows/Scalability.ini]
[2020.06.08-17.41.26:189][  0]LogConfig: Setting CVar [[foliage.DensityScale:1.0]]
[2020.06.08-17.41.26:189][  0]LogConfig: Setting CVar [[grass.DensityScale:1.0]]
[2020.06.08-17.41.26:189][  0]LogConfig: Applying CVar settings from Section [ShadingQuality@3] File [C:/Users/beaul/OneDrive/Documents/Unreal Projects/CandyBomination/Saved/Config/Windows/Scalability.ini]
[2020.06.08-17.41.26:189][  0]LogConfig: Setting CVar [[r.HairStrands.SkyLighting.SampleCount:16]]
[2020.06.08-17.41.26:189][  0]LogConfig: Setting CVar [[r.HairStrands.SkyLighting.JitterIntegration:0]]
[2020.06.08-17.41.26:189][  0]LogConfig: Setting CVar [[r.HairStrands.SkyAO.SampleCount:16]]
[2020.06.08-17.41.26:189][  0]LogConfig: Setting CVar [[r.HairStrands.DeepShadow.SuperSampling:0]]
[2020.06.08-17.41.26:189][  0]LogConfig: Setting CVar [[r.HairStrands.VisibilityPPLL:0]]
[2020.06.08-17.41.26:189][  0]LogConfig: Setting CVar [[r.HairStrands.RasterizationScale:0.5]]
[2020.06.08-17.41.26:189][  0]LogConfig: Setting CVar [[r.HairStrands.VelocityRasterizationScale:1]]
[2020.06.08-17.41.26:189][  0]LogInit: Selected Device Profile: [Windows]
[2020.06.08-17.41.26:189][  0]LogInit: Applying CVar settings loaded from the selected device profile: [Windows]
[2020.06.08-17.41.26:189][  0]LogHAL: Display: Platform has ~ 16 GB [17077764096 / 17179869184 / 16], which maps to Larger [LargestMinGB=32, LargerMinGB=12, DefaultMinGB=8, SmallerMinGB=6, SmallestMinGB=0)
[2020.06.08-17.41.26:189][  0]LogInit: Going up to parent DeviceProfile []
[2020.06.08-17.41.26:189][  0]LogConfig: Applying CVar settings from Section [ViewDistanceQuality@3] File [C:/Users/beaul/OneDrive/Documents/Unreal Projects/CandyBomination/Saved/Config/Windows/Scalability.ini]
[2020.06.08-17.41.26:189][  0]LogConfig: Setting CVar [[r.SkeletalMeshLODBias:0]]
[2020.06.08-17.41.26:189][  0]LogConfig: Setting CVar [[r.ViewDistanceScale:1.0]]
[2020.06.08-17.41.26:189][  0]LogConfig: Applying CVar settings from Section [AntiAliasingQuality@3] File [C:/Users/beaul/OneDrive/Documents/Unreal Projects/CandyBomination/Saved/Config/Windows/Scalability.ini]
[2020.06.08-17.41.26:189][  0]LogConfig: Setting CVar [[r.PostProcessAAQuality:4]]
[2020.06.08-17.41.26:189][  0]LogConfig: Applying CVar settings from Section [ShadowQuality@3] File [C:/Users/beaul/OneDrive/Documents/Unreal Projects/CandyBomination/Saved/Config/Windows/Scalability.ini]
[2020.06.08-17.41.26:189][  0]LogConfig: Setting CVar [[r.LightFunctionQuality:1]]
[2020.06.08-17.41.26:189][  0]LogConfig: Setting CVar [[r.ShadowQuality:5]]
[2020.06.08-17.41.26:189][  0]LogConfig: Setting CVar [[r.Shadow.CSM.MaxCascades:10]]
[2020.06.08-17.41.26:189][  0]LogConfig: Setting CVar [[r.Shadow.MaxResolution:2048]]
[2020.06.08-17.41.26:189][  0]LogConfig: Setting CVar [[r.Shadow.MaxCSMResolution:2048]]
[2020.06.08-17.41.26:189][  0]LogConfig: Setting CVar [[r.Shadow.RadiusThreshold:0.01]]
[2020.06.08-17.41.26:189][  0]LogConfig: Setting CVar [[r.Shadow.DistanceScale:1.0]]
[2020.06.08-17.41.26:189][  0]LogConfig: Setting CVar [[r.Shadow.CSM.TransitionScale:1.0]]
[2020.06.08-17.41.26:189][  0]LogConfig: Setting CVar [[r.Shadow.PreShadowResolutionFactor:1.0]]
[2020.06.08-17.41.26:189][  0]LogConfig: Setting CVar [[r.DistanceFieldShadowing:1]]
[2020.06.08-17.41.26:189][  0]LogConfig: Setting CVar [[r.DistanceFieldAO:1]]
[2020.06.08-17.41.26:189][  0]LogConfig: Setting CVar [[r.AOQuality:2]]
[2020.06.08-17.41.26:189][  0]LogConfig: Setting CVar [[r.VolumetricFog:1]]
[2020.06.08-17.41.26:189][  0]LogConfig: Setting CVar [[r.VolumetricFog.GridPixelSize:8]]
[2020.06.08-17.41.26:189][  0]LogConfig: Setting CVar [[r.VolumetricFog.GridSizeZ:128]]
[2020.06.08-17.41.26:189][  0]LogConfig: Setting CVar [[r.VolumetricFog.HistoryMissSupersampleCount:4]]
[2020.06.08-17.41.26:189][  0]LogConfig: Setting CVar [[r.LightMaxDrawDistanceScale:1]]
[2020.06.08-17.41.26:189][  0]LogConfig: Setting CVar [[r.CapsuleShadows:1]]
[2020.06.08-17.41.26:190][  0]LogConfig: Applying CVar settings from Section [PostProcessQuality@3] File [C:/Users/beaul/OneDrive/Documents/Unreal Projects/CandyBomination/Saved/Config/Windows/Scalability.ini]
[2020.06.08-17.41.26:190][  0]LogConfig: Setting CVar [[r.MotionBlurQuality:4]]
[2020.06.08-17.41.26:190][  0]LogConfig: Setting CVar [[r.AmbientOcclusionMipLevelFactor:0.4]]
[2020.06.08-17.41.26:190][  0]LogConfig: Setting CVar [[r.AmbientOcclusionMaxQuality:100]]
[2020.06.08-17.41.26:190][  0]LogConfig: Setting CVar [[r.AmbientOcclusionLevels:-1]]
[2020.06.08-17.41.26:190][  0]LogConfig: Setting CVar [[r.AmbientOcclusionRadiusScale:1.0]]
[2020.06.08-17.41.26:190][  0]LogConfig: Setting CVar [[r.DepthOfFieldQuality:2]]
[2020.06.08-17.41.26:190][  0]LogConfig: Setting CVar [[r.RenderTargetPoolMin:400]]
[2020.06.08-17.41.26:190][  0]LogConfig: Setting CVar [[r.LensFlareQuality:2]]
[2020.06.08-17.41.26:190][  0]LogConfig: Setting CVar [[r.SceneColorFringeQuality:1]]
[2020.06.08-17.41.26:190][  0]LogConfig: Setting CVar [[r.EyeAdaptationQuality:2]]
[2020.06.08-17.41.26:190][  0]LogConfig: Setting CVar [[r.BloomQuality:5]]
[2020.06.08-17.41.26:190][  0]LogConfig: Setting CVar [[r.FastBlurThreshold:100]]
[2020.06.08-17.41.26:190][  0]LogConfig: Setting CVar [[r.Upscale.Quality:3]]
[2020.06.08-17.41.26:190][  0]LogConfig: Setting CVar [[r.Tonemapper.GrainQuantization:1]]
[2020.06.08-17.41.26:190][  0]LogConfig: Setting CVar [[r.LightShaftQuality:1]]
[2020.06.08-17.41.26:190][  0]LogConfig: Setting CVar [[r.Filter.SizeScale:1]]
[2020.06.08-17.41.26:190][  0]LogConfig: Setting CVar [[r.Tonemapper.Quality:5]]
[2020.06.08-17.41.26:190][  0]LogConfig: Setting CVar [[r.DOF.Gather.AccumulatorQuality:1        ; higher gathering accumulator quality]]
[2020.06.08-17.41.26:190][  0]LogConfig: Setting CVar [[r.DOF.Gather.PostfilterMethod:1          ; Median3x3 postfilering method]]
[2020.06.08-17.41.26:190][  0]LogConfig: Setting CVar [[r.DOF.Gather.EnableBokehSettings:0       ; no bokeh simulation when gathering]]
[2020.06.08-17.41.26:190][  0]LogConfig: Setting CVar [[r.DOF.Gather.RingCount:4                 ; medium number of samples when gathering]]
[2020.06.08-17.41.26:190][  0]LogConfig: Setting CVar [[r.DOF.Scatter.ForegroundCompositing:1    ; additive foreground scattering]]
[2020.06.08-17.41.26:190][  0]LogConfig: Setting CVar [[r.DOF.Scatter.BackgroundCompositing:2    ; additive background scattering]]
[2020.06.08-17.41.26:190][  0]LogConfig: Setting CVar [[r.DOF.Scatter.EnableBokehSettings:1      ; bokeh simulation when scattering]]
[2020.06.08-17.41.26:190][  0]LogConfig: Setting CVar [[r.DOF.Scatter.MaxSpriteRatio:0.1         ; only a maximum of 10% of scattered bokeh]]
[2020.06.08-17.41.26:190][  0]LogConfig: Setting CVar [[r.DOF.Recombine.Quality:1                ; cheap slight out of focus]]
[2020.06.08-17.41.26:190][  0]LogConfig: Setting CVar [[r.DOF.Recombine.EnableBokehSettings:0    ; no bokeh simulation on slight out of focus]]
[2020.06.08-17.41.26:190][  0]LogConfig: Setting CVar [[r.DOF.TemporalAAQuality:1                ; more stable temporal accumulation]]
[2020.06.08-17.41.26:190][  0]LogConfig: Setting CVar [[r.DOF.Kernel.MaxForegroundRadius:0.025]]
[2020.06.08-17.41.26:190][  0]LogConfig: Setting CVar [[r.DOF.Kernel.MaxBackgroundRadius:0.025]]
[2020.06.08-17.41.26:190][  0]LogConfig: Applying CVar settings from Section [TextureQuality@3] File [C:/Users/beaul/OneDrive/Documents/Unreal Projects/CandyBomination/Saved/Config/Windows/Scalability.ini]
[2020.06.08-17.41.26:190][  0]LogConfig: Setting CVar [[r.Streaming.MipBias:0]]
[2020.06.08-17.41.26:190][  0]LogConfig: Setting CVar [[r.Streaming.AmortizeCPUToGPUCopy:0]]
[2020.06.08-17.41.26:190][  0]LogConfig: Setting CVar [[r.Streaming.MaxNumTexturesToStreamPerFrame:0]]
[2020.06.08-17.41.26:190][  0]LogConfig: Setting CVar [[r.Streaming.Boost:1]]
[2020.06.08-17.41.26:190][  0]LogConfig: Setting CVar [[r.MaxAnisotropy:8]]
[2020.06.08-17.41.26:190][  0]LogConfig: Setting CVar [[r.VT.MaxAnisotropy:8]]
[2020.06.08-17.41.26:190][  0]LogConfig: Setting CVar [[r.Streaming.LimitPoolSizeToVRAM:0]]
[2020.06.08-17.41.26:190][  0]LogConfig: Setting CVar [[r.Streaming.PoolSize:1000]]
[2020.06.08-17.41.26:190][  0]LogConfig: Setting CVar [[r.Streaming.MaxEffectiveScreenSize:0]]
[2020.06.08-17.41.26:190][  0]LogConfig: Applying CVar settings from Section [EffectsQuality@3] File [C:/Users/beaul/OneDrive/Documents/Unreal Projects/CandyBomination/Saved/Config/Windows/Scalability.ini]
[2020.06.08-17.41.26:190][  0]LogConfig: Setting CVar [[r.TranslucencyLightingVolumeDim:64]]
[2020.06.08-17.41.26:190][  0]LogConfig: Setting CVar [[r.RefractionQuality:2]]
[2020.06.08-17.41.26:190][  0]LogConfig: Setting CVar [[r.SSR.Quality:3]]
[2020.06.08-17.41.26:190][  0]LogConfig: Setting CVar [[r.SSR.HalfResSceneColor:0]]
[2020.06.08-17.41.26:190][  0]LogConfig: Setting CVar [[r.SceneColorFormat:4]]
[2020.06.08-17.41.26:190][  0]LogConfig: Setting CVar [[r.DetailMode:2]]
[2020.06.08-17.41.26:190][  0]LogConfig: Setting CVar [[r.TranslucencyVolumeBlur:1]]
[2020.06.08-17.41.26:190][  0]LogConfig: Setting CVar [[r.MaterialQualityLevel:1 ; High quality]]
[2020.06.08-17.41.26:190][  0]LogConfig: Setting CVar [[r.SSS.Scale:1]]
[2020.06.08-17.41.26:190][  0]LogConfig: Setting CVar [[r.SSS.SampleSet:2]]
[2020.06.08-17.41.26:190][  0]LogConfig: Setting CVar [[r.SSS.Quality:1]]
[2020.06.08-17.41.26:190][  0]LogConfig: Setting CVar [[r.SSS.HalfRes:0]]
[2020.06.08-17.41.26:190][  0]LogConfig: Setting CVar [[r.SSGI.Quality:3]]
[2020.06.08-17.41.26:190][  0]LogConfig: Setting CVar [[r.EmitterSpawnRateScale:1.0]]
[2020.06.08-17.41.26:190][  0]LogConfig: Setting CVar [[r.ParticleLightQuality:2]]
[2020.06.08-17.41.26:190][  0]LogConfig: Setting CVar [[r.SkyAtmosphere.AerialPerspectiveLUT.FastApplyOnOpaque:1 ; Always have FastSkyLUT 1 in this case to avoid wrong sky]]
[2020.06.08-17.41.26:190][  0]LogConfig: Setting CVar [[r.SkyAtmosphere.AerialPerspectiveLUT.SampleCountPerSlice:1]]
[2020.06.08-17.41.26:190][  0]LogConfig: Setting CVar [[r.SkyAtmosphere.AerialPerspectiveLUT.DepthResolution:16.0]]
[2020.06.08-17.41.26:190][  0]LogConfig: Setting CVar [[r.SkyAtmosphere.FastSkyLUT:1]]
[2020.06.08-17.41.26:190][  0]LogConfig: Setting CVar [[r.SkyAtmosphere.FastSkyLUT.SampleCountMin:4.0]]
[2020.06.08-17.41.26:190][  0]LogConfig: Setting CVar [[r.SkyAtmosphere.FastSkyLUT.SampleCountMax:32.0]]
[2020.06.08-17.41.26:190][  0]LogConfig: Setting CVar [[r.SkyAtmosphere.SampleCountMin:4.0]]
[2020.06.08-17.41.26:190][  0]LogConfig: Setting CVar [[r.SkyAtmosphere.SampleCountMax:32.0]]
[2020.06.08-17.41.26:190][  0]LogConfig: Setting CVar [[r.SkyAtmosphere.TransmittanceLUT.UseSmallFormat:0]]
[2020.06.08-17.41.26:191][  0]LogConfig: Setting CVar [[r.SkyAtmosphere.TransmittanceLUT.SampleCount:10.0]]
[2020.06.08-17.41.26:191][  0]LogConfig: Setting CVar [[r.SkyAtmosphere.MultiScatteringLUT.SampleCount:15.0]]
[2020.06.08-17.41.26:191][  0]LogConfig: Applying CVar settings from Section [FoliageQuality@3] File [C:/Users/beaul/OneDrive/Documents/Unreal Projects/CandyBomination/Saved/Config/Windows/Scalability.ini]
[2020.06.08-17.41.26:191][  0]LogConfig: Setting CVar [[foliage.DensityScale:1.0]]
[2020.06.08-17.41.26:191][  0]LogConfig: Setting CVar [[grass.DensityScale:1.0]]
[2020.06.08-17.41.26:191][  0]LogConfig: Applying CVar settings from Section [ShadingQuality@3] File [C:/Users/beaul/OneDrive/Documents/Unreal Projects/CandyBomination/Saved/Config/Windows/Scalability.ini]
[2020.06.08-17.41.26:191][  0]LogConfig: Setting CVar [[r.HairStrands.SkyLighting.SampleCount:16]]
[2020.06.08-17.41.26:191][  0]LogConfig: Setting CVar [[r.HairStrands.SkyLighting.JitterIntegration:0]]
[2020.06.08-17.41.26:191][  0]LogConfig: Setting CVar [[r.HairStrands.SkyAO.SampleCount:16]]
[2020.06.08-17.41.26:191][  0]LogConfig: Setting CVar [[r.HairStrands.DeepShadow.SuperSampling:0]]
[2020.06.08-17.41.26:191][  0]LogConfig: Setting CVar [[r.HairStrands.VisibilityPPLL:0]]
[2020.06.08-17.41.26:191][  0]LogConfig: Setting CVar [[r.HairStrands.RasterizationScale:0.5]]
[2020.06.08-17.41.26:191][  0]LogConfig: Setting CVar [[r.HairStrands.VelocityRasterizationScale:1]]
[2020.06.08-17.41.26:191][  0]LogConfig: Applying CVar settings from Section [Startup] File [../../../Engine/Config/ConsoleVariables.ini]
[2020.06.08-17.41.26:191][  0]LogConfig: Setting CVar [[net.UseAdaptiveNetUpdateFrequency:0]]
[2020.06.08-17.41.26:191][  0]LogConfig: Setting CVar [[p.chaos.AllowCreatePhysxBodies:1]]
[2020.06.08-17.41.26:191][  0]LogConfig: Setting CVar [[fx.SkipVectorVMBackendOptimizations:1]]
[2020.06.08-17.41.26:191][  0]LogConfig: Applying CVar settings from Section [ConsoleVariables] File [C:/Users/beaul/OneDrive/Documents/Unreal Projects/CandyBomination/Saved/Config/Windows/Engine.ini]
[2020.06.08-17.41.26:191][  0]LogInit: Computer: DESKTOP-P914M35
[2020.06.08-17.41.26:191][  0]LogInit: User: beaul
[2020.06.08-17.41.26:191][  0]LogInit: CPU Page size=4096, Cores=4
[2020.06.08-17.41.26:191][  0]LogInit: High frequency timer resolution =10.000000 MHz
[2020.06.08-17.41.26:192][  0]LogMemory: Memory total: Physical=15.9GB (16GB approx)
[2020.06.08-17.41.26:192][  0]LogMemory: Platform Memory Stats for Windows
[2020.06.08-17.41.26:192][  0]LogMemory: Process Physical Memory: 113.95 MB used, 113.95 MB peak
[2020.06.08-17.41.26:192][  0]LogMemory: Process Virtual Memory: 96.35 MB used, 96.35 MB peak
[2020.06.08-17.41.26:192][  0]LogMemory: Physical Memory: 7111.14 MB used,  9175.48 MB free, 16286.63 MB total
[2020.06.08-17.41.26:192][  0]LogMemory: Virtual Memory: 5158.58 MB used,  134212568.00 MB free, 134217728.00 MB total
[2020.06.08-17.41.26:198][  0]LogWindows: WindowsPlatformFeatures enabled
[2020.06.08-17.41.26:227][  0]LogInit: Physics initialised using underlying interface: PhysX
[2020.06.08-17.41.26:228][  0]LogInit: Using OS detected language (en-US).
[2020.06.08-17.41.26:228][  0]LogInit: Using OS detected locale (fr-CA).
[2020.06.08-17.41.26:233][  0]LogTextLocalizationManager: No specific localization for 'en-US' exists, so the 'en' localization will be used.
[2020.06.08-17.41.26:408][  0]LogInit: Setting process to per monitor DPI aware
[2020.06.08-17.41.26:453][  0]LogSlate: New Slate User Created.  User Index 0, Is Virtual User: 0
[2020.06.08-17.41.26:453][  0]LogSlate: Slate User Registered.  User Index 0, Is Virtual User: 0
[2020.06.08-17.41.26:570][  0]LogHMD: Failed to initialize OpenVR with code 110
[2020.06.08-17.41.26:570][  0]LogD3D11RHI: D3D11 min allowed feature level: 11_0
[2020.06.08-17.41.26:570][  0]LogD3D11RHI: D3D11 max allowed feature level: 11_0
[2020.06.08-17.41.26:570][  0]LogD3D11RHI: D3D11 adapters:
[2020.06.08-17.41.26:605][  0]LogD3D11RHI:    0. 'AMD Radeon (TM) RX 480' (Feature Level 11_0)
[2020.06.08-17.41.26:605][  0]LogD3D11RHI:       8172/0/8143 MB DedicatedVideo/DedicatedSystem/SharedSystem, Outputs:2, VendorId:0x1002
[2020.06.08-17.41.26:638][  0]LogD3D11RHI:    1. 'Intel(R) HD Graphics 530' (Feature Level 11_0)
[2020.06.08-17.41.26:638][  0]LogD3D11RHI:       128/0/8143 MB DedicatedVideo/DedicatedSystem/SharedSystem, Outputs:0, VendorId:0x8086
[2020.06.08-17.41.26:640][  0]LogD3D11RHI:    2. 'Microsoft Basic Render Driver' (Feature Level 11_0)
[2020.06.08-17.41.26:640][  0]LogD3D11RHI:       0/0/8143 MB DedicatedVideo/DedicatedSystem/SharedSystem, Outputs:0, VendorId:0x1414
[2020.06.08-17.41.26:640][  0]LogD3D11RHI: Chosen D3D11 Adapter: 0
[2020.06.08-17.41.26:647][  0]LogD3D11RHI: Creating new Direct3DDevice
[2020.06.08-17.41.26:648][  0]LogD3D11RHI:     GPU DeviceId: 0x67df (for the marketing name, search the web for "GPU Device Id")
[2020.06.08-17.41.26:648][  0]LogWindows: EnumDisplayDevices:
[2020.06.08-17.41.26:648][  0]LogWindows:    0. 'AMD Radeon (TM) RX 480' (P:0 D:1)
[2020.06.08-17.41.26:648][  0]LogWindows:    1. 'AMD Radeon (TM) RX 480' (P:1 D:1)
[2020.06.08-17.41.26:648][  0]LogWindows:    2. 'AMD Radeon (TM) RX 480' (P:0 D:0)
[2020.06.08-17.41.26:649][  0]LogWindows:    3. 'AMD Radeon (TM) RX 480' (P:0 D:0)
[2020.06.08-17.41.26:649][  0]LogWindows:    4. 'AMD Radeon (TM) RX 480' (P:0 D:0)
[2020.06.08-17.41.26:650][  0]LogWindows:    5. 'AMD Radeon (TM) RX 480' (P:0 D:0)
[2020.06.08-17.41.26:650][  0]LogWindows:    6. 'AMD Radeon (TM) RX 480' (P:0 D:0)
[2020.06.08-17.41.26:650][  0]LogWindows:    7. 'AMD Radeon (TM) RX 480' (P:0 D:0)
[2020.06.08-17.41.26:651][  0]LogWindows:    8. 'Intel(R) HD Graphics 530' (P:0 D:0)
[2020.06.08-17.41.26:651][  0]LogWindows:    9. 'Intel(R) HD Graphics 530' (P:0 D:0)
[2020.06.08-17.41.26:651][  0]LogWindows:    10. 'Intel(R) HD Graphics 530' (P:0 D:0)
[2020.06.08-17.41.26:651][  0]LogWindows: DebugString: PrimaryIsNotTheChoosenAdapter PrimaryIsNotTheChoosenAdapter PrimaryIsNotTheChoosenAdapter FoundDriverCount:8 
[2020.06.08-17.41.26:651][  0]LogD3D11RHI:     Adapter Name: AMD Radeon (TM) RX 480
[2020.06.08-17.41.26:651][  0]LogD3D11RHI:   Driver Version: Adrenalin 2020 20.2.2 (internal:26.20.15019.19000, unified:26.20.15019.19000)
[2020.06.08-17.41.26:651][  0]LogD3D11RHI:      Driver Date: 2-28-2020
[2020.06.08-17.41.26:651][  0]LogRHI: Texture pool is 5720 MB (70% of 8172 MB)
[2020.06.08-17.41.26:828][  0]LogD3D11RHI: RHI has support for 64 bit atomics
[2020.06.08-17.41.26:828][  0]LogD3D11RHI: Async texture creation enabled
[2020.06.08-17.41.26:828][  0]LogD3D11RHI: Array index from any shader is supported
[2020.06.08-17.41.26:840][  0]LogD3D11RHI: GPU Timing Frequency: 25.000000 (Debug: 2 1)
[2020.06.08-17.41.27:157][  0]LogTargetPlatformManager: Display: Loaded TargetPlatform 'AllDesktop'
[2020.06.08-17.41.27:177][  0]LogTargetPlatformManager: Display: Loaded TargetPlatform 'Android'
[2020.06.08-17.41.27:177][  0]LogTargetPlatformManager: Display: Loaded TargetPlatform 'Android_ASTC'
[2020.06.08-17.41.27:177][  0]LogTargetPlatformManager: Display: Loaded TargetPlatform 'Android_DXT'
[2020.06.08-17.41.27:177][  0]LogTargetPlatformManager: Display: Loaded TargetPlatform 'Android_ETC2'
[2020.06.08-17.41.27:177][  0]LogTargetPlatformManager: Display: Loaded TargetPlatform 'AndroidClient'
[2020.06.08-17.41.27:177][  0]LogTargetPlatformManager: Display: Loaded TargetPlatform 'Android_ASTCClient'
[2020.06.08-17.41.27:177][  0]LogTargetPlatformManager: Display: Loaded TargetPlatform 'Android_DXTClient'
[2020.06.08-17.41.27:177][  0]LogTargetPlatformManager: Display: Loaded TargetPlatform 'Android_ETC2Client'
[2020.06.08-17.41.27:177][  0]LogTargetPlatformManager: Display: Loaded TargetPlatform 'Android_Multi'
[2020.06.08-17.41.27:177][  0]LogTargetPlatformManager: Display: Loaded TargetPlatform 'Android_MultiClient'
[2020.06.08-17.41.27:200][  0]LogTargetPlatformManager: Display: Loaded TargetPlatform 'IOSClient'
[2020.06.08-17.41.27:200][  0]LogTargetPlatformManager: Display: Loaded TargetPlatform 'IOS'
[2020.06.08-17.41.27:209][  0]LogTargetPlatformManager: Display: Loaded TargetPlatform 'Linux'
[2020.06.08-17.41.27:218][  0]LogTargetPlatformManager: Display: Loaded TargetPlatform 'LinuxNoEditor'
[2020.06.08-17.41.27:227][  0]LogTargetPlatformManager: Display: Loaded TargetPlatform 'LinuxClient'
[2020.06.08-17.41.27:235][  0]LogTargetPlatformManager: Display: Loaded TargetPlatform 'LinuxServer'
[2020.06.08-17.41.27:245][  0]LogTargetPlatformManager: Display: Loaded TargetPlatform 'LinuxAArch64NoEditor'
[2020.06.08-17.41.27:253][  0]LogTargetPlatformManager: Display: Loaded TargetPlatform 'LinuxAArch64Client'
[2020.06.08-17.41.27:262][  0]LogTargetPlatformManager: Display: Loaded TargetPlatform 'LinuxAArch64Server'
[2020.06.08-17.41.27:285][  0]LogTargetPlatformManager: Display: Loaded TargetPlatform 'Lumin'
[2020.06.08-17.41.27:285][  0]LogTargetPlatformManager: Display: Loaded TargetPlatform 'LuminClient'
[2020.06.08-17.41.27:302][  0]LogTargetPlatformManager: Display: Loaded TargetPlatform 'TVOSClient'
[2020.06.08-17.41.27:302][  0]LogTargetPlatformManager: Display: Loaded TargetPlatform 'TVOS'
[2020.06.08-17.41.27:310][  0]LogTargetPlatformManager: Display: Loaded TargetPlatform 'WindowsNoEditor'
[2020.06.08-17.41.27:319][  0]LogTargetPlatformManager: Display: Loaded TargetPlatform 'Windows'
[2020.06.08-17.41.27:329][  0]LogTargetPlatformManager: Display: Loaded TargetPlatform 'WindowsClient'
[2020.06.08-17.41.27:338][  0]LogTargetPlatformManager: Display: Loaded TargetPlatform 'WindowsServer'
[2020.06.08-17.41.27:338][  0]LogTargetPlatformManager: Display: Building Assets For Windows
[2020.06.08-17.41.27:345][  0]LogAudioDebug: Display: Lib vorbis DLL was dynamically loaded.
[2020.06.08-17.41.27:400][  0]LogShaderCompilers: Guid format shader working directory is -23 characters bigger than the processId version (../../../../../../OneDrive/Documents/Unreal Projects/CandyBomination/Intermediate/Shaders/WorkingDirectory/17888/).
[2020.06.08-17.41.27:400][  0]LogShaderCompilers: Cleaned the shader compiler working directory 'C:/Users/beaul/AppData/Local/Temp/UnrealShaderWorkingDir/D075B52145521C909B51ECB62C2B578E/'.
[2020.06.08-17.41.27:400][  0]LogXGEController: Cannot use XGE Controller as Incredibuild is not installed on this machine.
[2020.06.08-17.41.27:400][  0]LogShaderCompilers: Cannot use XGE Shader Compiler as Incredibuild is not installed on this machine.
[2020.06.08-17.41.27:400][  0]LogShaderCompilers: Display: Using Local Shader Compiler.
[2020.06.08-17.41.28:187][  0]LogDerivedDataCache: Display: Max Cache Size: 512 MB
[2020.06.08-17.41.28:278][  0]LogDerivedDataCache: Loaded boot cache 0.09s 104MB C:/Users/beaul/AppData/Local/UnrealEngine/4.25/DerivedDataCache/Boot.ddc.
[2020.06.08-17.41.28:278][  0]LogDerivedDataCache: Display: Loaded Boot cache: C:/Users/beaul/AppData/Local/UnrealEngine/4.25/DerivedDataCache/Boot.ddc
[2020.06.08-17.41.28:279][  0]LogDerivedDataCache: FDerivedDataBackendGraph:  Pak pak cache file ../../../../../../OneDrive/Documents/Unreal Projects/CandyBomination/DerivedDataCache/DDC.ddp not found, will not use a pak cache.
[2020.06.08-17.41.28:279][  0]LogDerivedDataCache: Unable to find inner node Pak for hierarchical cache Hierarchy.
[2020.06.08-17.41.28:279][  0]LogDerivedDataCache: FDerivedDataBackendGraph:  CompressedPak pak cache file ../../../../../../OneDrive/Documents/Unreal Projects/CandyBomination/DerivedDataCache/Compressed.ddp not found, will not use a pak cache.
[2020.06.08-17.41.28:279][  0]LogDerivedDataCache: Unable to find inner node CompressedPak for hierarchical cache Hierarchy.
[2020.06.08-17.41.28:288][  0]LogDerivedDataCache: Display: Pak cache opened for reading ../../../Engine/DerivedDataCache/Compressed.ddp.
[2020.06.08-17.41.28:288][  0]LogDerivedDataCache: FDerivedDataBackendGraph:  EnterprisePak pak cache file ../../../Enterprise/DerivedDataCache/Compressed.ddp not found, will not use a pak cache.
[2020.06.08-17.41.28:288][  0]LogDerivedDataCache: Unable to find inner node EnterprisePak for hierarchical cache Hierarchy.
[2020.06.08-17.41.28:289][  0]LogDerivedDataCache: Using Local data cache path C:/Users/beaul/AppData/Local/UnrealEngine/Common/DerivedDataCache: Writable
[2020.06.08-17.41.28:289][  0]LogDerivedDataCache: Shared data cache path not found in *engine.ini, will not use an Shared cache.
[2020.06.08-17.41.28:289][  0]LogDerivedDataCache: Unable to find inner node Shared for hierarchical cache Hierarchy.
[2020.06.08-17.41.28:367][  0]LogSlate: Using FreeType 2.10.0
[2020.06.08-17.41.28:367][  0]LogSlate: SlateFontServices - WITH_FREETYPE: 1, WITH_HARFBUZZ: 1
[2020.06.08-17.41.28:388][  0]LogAssetRegistry: FAssetRegistry took 0.0024 seconds to start up
[2020.06.08-17.41.28:654][  0]LogInit: Selected Device Profile: [Windows]
[2020.06.08-17.41.28:781][  0]LogMeshReduction: Using QuadricMeshReduction for automatic static mesh reduction
[2020.06.08-17.41.28:781][  0]LogMeshReduction: Using SimplygonMeshReduction for automatic skeletal mesh reduction
[2020.06.08-17.41.28:781][  0]LogMeshReduction: Using ProxyLODMeshReduction for automatic mesh merging
[2020.06.08-17.41.28:781][  0]LogMeshReduction: No distributed automatic mesh merging module available
[2020.06.08-17.41.28:781][  0]LogMeshMerging: No distributed automatic mesh merging module available
[2020.06.08-17.41.28:802][  0]LogNetVersion: CandyBomination 1.0.0, NetCL: 13144385, EngineNetVer: 14, GameNetVer: 0 (Checksum: 1164043613)
[2020.06.08-17.41.29:233][  0]LogAISub: UAISubsystem::UAISubsystem AISubsystem (0000025A19FC6240), frame # 0
[2020.06.08-17.41.29:233][  0]LogAISub: UAISubsystem::UAISubsystem AIPerceptionSystem (0000025A19F4AD40), frame # 0
[2020.06.08-17.41.29:235][  0]LogAISub: UAISubsystem::UAISubsystem EnvQueryManager (0000025A19F85E00), frame # 0
[2020.06.08-17.41.29:274][  0]LogPackageLocalizationCache: Processed 19 localized package path(s) for 1 prioritized culture(s) in 0.031418 seconds
[2020.06.08-17.41.29:279][  0]LogUObjectArray: 15917 objects as part of root set at end of initial load.
[2020.06.08-17.41.29:279][  0]LogUObjectAllocator: 3965568 out of 0 bytes used by permanent object pool.
[2020.06.08-17.41.29:279][  0]LogUObjectArray: CloseDisregardForGC: 0/0 objects in disregard for GC pool
[2020.06.08-17.41.29:647][  0]LogTcpMessaging: Initializing TcpMessaging bridge
[2020.06.08-17.41.29:651][  0]LogUdpMessaging: Initializing bridge on interface 0.0.0.0:0 to multicast group 230.0.0.1:6666.
[2020.06.08-17.41.29:741][  0]SourceControl: Source control is disabled
[2020.06.08-17.41.29:741][  0]SourceControl: Source control is disabled
[2020.06.08-17.41.29:744][  0]SourceControl: Source control is disabled
[2020.06.08-17.41.29:747][  0]SourceControl: Source control is disabled
[2020.06.08-17.41.29:754][  0]SourceControl: Source control is disabled
[2020.06.08-17.41.29:999][  0]LogAndroidPermission: UAndroidPermissionCallbackProxy::GetInstance
[2020.06.08-17.41.30:016][  0]LogAudioCaptureCore: Display: No Audio Capture implementations found. Audio input will be silent.
[2020.06.08-17.41.30:016][  0]LogAudioCaptureCore: Display: No Audio Capture implementations found. Audio input will be silent.
[2020.06.08-17.41.30:088][  0]LogOcInput: OculusInput pre-init called
[2020.06.08-17.41.30:104][  0]LogWindows: Failed to load 'OVRPlugin.dll' (GetLastError=126)
[2020.06.08-17.41.30:104][  0]LogWindows: File 'OVRPlugin.dll' does not exist
[2020.06.08-17.41.30:185][  0]LogEngine: Initializing Engine...
[2020.06.08-17.41.30:186][  0]LogHMD: Failed to initialize OpenVR with code 110
[2020.06.08-17.41.30:186][  0]LogMagicLeap: Warning: VR disabled because ZI is not enabled.  To enable, in the editor, Edit -> Project Settings -> Plugins -> Magic Leap Plugin -> Enable Zero Iteration
[2020.06.08-17.41.30:187][  0]LogStats: UGameplayTagsManager::InitializeManager -  0.000 s
[2020.06.08-17.41.30:363][  0]LogInit: Initializing FReadOnlyCVARCache
[2020.06.08-17.41.30:375][  0]LogAIModule: Creating AISystem for world Untitled
[2020.06.08-17.41.30:375][  0]LogAISub: UAISubsystem::UAISubsystem EnvQueryManager (0000025A22587C00), frame # 0
[2020.06.08-17.41.30:376][  0]LogAISub: UAISubsystem::UAISubsystem AIPerceptionSystem (0000025A225D9E40), frame # 0
[2020.06.08-17.41.30:392][  0]LogAudioMixer: Display: Audio Mixer Platform Settings:
[2020.06.08-17.41.30:392][  0]LogAudioMixer: Display: 	Sample Rate:						  48000
[2020.06.08-17.41.30:392][  0]LogAudioMixer: Display: 	Callback Buffer Frame Size Requested: 1024
[2020.06.08-17.41.30:392][  0]LogAudioMixer: Display: 	Callback Buffer Frame Size To Use:	  1024
[2020.06.08-17.41.30:392][  0]LogAudioMixer: Display: 	Number of buffers to queue:			  2
[2020.06.08-17.41.30:392][  0]LogAudioMixer: Display: 	Max Channels (voices):				  32
[2020.06.08-17.41.30:392][  0]LogAudioMixer: Display: 	Number of Async Source Workers:		  0
[2020.06.08-17.41.30:393][  0]LogAudio: Display: AudioDevice MaxSources: 32
[2020.06.08-17.41.30:393][  0]LogAudio: Display: Using built-in audio occlusion.
[2020.06.08-17.41.30:393][  0]LogAudioMixer: Display: Initializing audio mixer.
[2020.06.08-17.41.30:421][  0]LogAudioMixer: Display: 0: FrontLeft
[2020.06.08-17.41.30:421][  0]LogAudioMixer: Display: 1: FrontRight
[2020.06.08-17.41.30:461][  0]LogAudioMixer: Display: Using Audio Device Casque pour téléphone (HyperX Virtual Surround Sound)
[2020.06.08-17.41.30:466][  0]LogAudioMixer: Display: Initializing Sound Submixes...
[2020.06.08-17.41.30:468][  0]LogAudioMixer: Display: Creating Master Submix 'MasterSubmixDefault'
[2020.06.08-17.41.30:468][  0]LogAudioMixer: Display: Creating Master Submix 'MasterReverbSubmixDefault'
[2020.06.08-17.41.30:468][  0]LogAudioMixer: Display: Creating Master Submix 'MasterEQSubmixDefault'
[2020.06.08-17.41.30:469][  0]LogInit: FAudioDevice initialized.
[2020.06.08-17.41.30:470][  0]LogNetVersion: Set ProjectVersion to 1.0.0.0. Version Checksum will be recalculated on next use.
[2020.06.08-17.41.31:486][  0]LogDerivedDataCache: Saved boot cache 1.02s 104MB C:/Users/beaul/AppData/Local/UnrealEngine/4.25/DerivedDataCache/Boot.ddc.
[2020.06.08-17.41.31:491][  0]LogInit: Texture streaming: Enabled
[2020.06.08-17.41.31:509][  0]LogEngineSessionManager: EngineSessionManager initialized
[2020.06.08-17.41.31:509][  0]LogEditorSessionSummary: Verbose: Initializing EditorSessionSummaryWriter for editor session tracking
[2020.06.08-17.41.31:511][  0]LogEditorSessionSummary: EditorSessionSummaryWriter initialized
[2020.06.08-17.41.31:547][  0]LogInit: Transaction tracking system initialized
[2020.06.08-17.41.31:567][  0]BlueprintLog: New page: Editor Load
[2020.06.08-17.41.31:631][  0]LocalizationService: Localization service is disabled
[2020.06.08-17.41.31:775][  0]LogCook: Display: Max memory allowance for cook 16384mb min free memory 0mb
[2020.06.08-17.41.31:775][  0]LogCook: Display: Mobile HDR setting 1
[2020.06.08-17.41.32:311][  0]LogFileCache: Scanning file cache for directory 'C:/Users/beaul/OneDrive/Documents/Unreal Projects/CandyBomination/Content/' took 0.00s
[2020.06.08-17.41.32:497][  0]SourceControl: Source control is disabled
[2020.06.08-17.41.32:497][  0]LogUnrealEdMisc: Loading editor; pre map load, took 7.840
[2020.06.08-17.41.32:497][  0]Cmd: MAP LOAD FILE="../../../../../../OneDrive/Documents/Unreal Projects/CandyBomination/Content/CandyBomination_Map.umap" TEMPLATE=0 SHOWPROGRESS=1 FEATURELEVEL=3
[2020.06.08-17.41.32:497][  0]LogEditorServer: Warning: Can't find file '../../../../../../OneDrive/Documents/Unreal Projects/CandyBomination/Content/CandyBomination_Map.umap'
[2020.06.08-17.41.32:497][  0]Cmd: MAP CHECKDEP NOCLEARLOG
[2020.06.08-17.41.32:498][  0]MapCheck: Map check complete: 0 Error(s), 0 Warning(s), took 0,164ms to complete.
[2020.06.08-17.41.32:498][  0]LogFileHelpers: Loading map 'CandyBomination_Map' took 0.001
[2020.06.08-17.41.32:500][  0]LogUnrealEdMisc: Total Editor Startup Time, took 7.843
[2020.06.08-17.41.32:668][  0]LogSlate: Updating window title bar state: overlay mode, drag disabled, window buttons hidden, title bar hidden
[2020.06.08-17.41.32:681][  0]LogSlate: Updating window title bar state: overlay mode, drag disabled, window buttons hidden, title bar hidden
[2020.06.08-17.41.32:692][  0]LogSlate: Updating window title bar state: overlay mode, drag disabled, window buttons hidden, title bar hidden
[2020.06.08-17.41.32:710][  0]LogSlate: Updating window title bar state: overlay mode, drag disabled, window buttons hidden, title bar hidden
[2020.06.08-17.41.32:719][  0]LogCollectionManager: Loaded 0 collections in 0.002775 seconds
[2020.06.08-17.41.32:739][  0]LogFileCache: Scanning file cache for directory 'C:/Users/beaul/OneDrive/Documents/Unreal Projects/CandyBomination/Saved/Collections/' took 0.00s
[2020.06.08-17.41.32:739][  0]LogFileCache: Scanning file cache for directory 'C:/Users/beaul/OneDrive/Documents/Unreal Projects/CandyBomination/Content/Developers/beaul/Collections/' took 0.00s
[2020.06.08-17.41.32:739][  0]LogFileCache: Scanning file cache for directory 'C:/Users/beaul/OneDrive/Documents/Unreal Projects/CandyBomination/Content/Collections/' took 0.00s
[2020.06.08-17.41.32:739][  0]LogContentBrowser: Native class hierarchy populated in 0.0129 seconds. Added 3426 classes and 820 folders.
[2020.06.08-17.41.32:746][  0]LogContentBrowser: Native class hierarchy updated for 'WidgetCarousel' in 0.0003 seconds. Added 0 classes and 0 folders.
[2020.06.08-17.41.32:793][  0]LogContentBrowser: Native class hierarchy updated for 'AddContentDialog' in 0.0002 seconds. Added 0 classes and 0 folders.
[2020.06.08-17.41.32:794][  0]LogContentBrowser: Native class hierarchy updated for 'SceneOutliner' in 0.0002 seconds. Added 2 classes and 0 folders.
[2020.06.08-17.41.32:862][  0]LogSlate: Took 0.000147 seconds to synchronously load lazily loaded font '../../../Engine/Content/Slate/Fonts/Roboto-Regular.ttf' (155K)
[2020.06.08-17.41.32:864][  0]LogSlate: Took 0.000105 seconds to synchronously load lazily loaded font '../../../Engine/Content/Slate/Fonts/Roboto-Bold.ttf' (160K)
[2020.06.08-17.41.32:868][  0]LogSlate: Took 0.000135 seconds to synchronously load lazily loaded font '../../../Engine/Content/Editor/Slate/Fonts/FontAwesome.ttf' (139K)
[2020.06.08-17.41.32:942][  0]LogRenderer: Reallocating scene render targets to support 1616x808 Format 10 NumSamples 1 (Frame:1).
[2020.06.08-17.41.32:955][  0]LogSlate: Took 0.000221 seconds to synchronously load lazily loaded font '../../../Engine/Content/Slate/Fonts/Roboto-Light.ttf' (167K)
[2020.06.08-17.41.33:027][  0]LogContentBrowser: Native class hierarchy updated for 'HierarchicalLODOutliner' in 0.0002 seconds. Added 0 classes and 0 folders.
[2020.06.08-17.41.33:027][  0]LogLoad: (Engine Initialization) Total time: 8.37 seconds
[2020.06.08-17.41.33:027][  0]LogLoad: (Engine Initialization) Total Blueprint compile time: 0.00 seconds
[2020.06.08-17.41.33:059][  0]LogAssetRegistry: Asset discovery search completed in 4.6716 seconds
[2020.06.08-17.41.33:062][  0]LogCollectionManager: Fixed up redirectors for 0 collections in 0.000004 seconds (updated 0 objects)
[2020.06.08-17.41.33:063][  0]LogContentStreaming: Texture pool size now 1000 MB
[2020.06.08-17.41.37:234][435]LogAssetEditorSubsystem: Opening Asset editor for World /Game/Debug_Map.Debug_Map
[2020.06.08-17.41.37:244][435]LogUObjectHash: Compacting FUObjectHashTables data took   0.65ms
[2020.06.08-17.41.37:247][435]Cmd: MAP LOAD FILE="../../../../../../OneDrive/Documents/Unreal Projects/CandyBomination/Content/Debug_Map.umap" TEMPLATE=0 SHOWPROGRESS=1 FEATURELEVEL=3
[2020.06.08-17.41.37:247][435]LightingResults: New page: Lighting Build
[2020.06.08-17.41.37:247][435]LogContentBrowser: Native class hierarchy updated for 'StatsViewer' in 0.0002 seconds. Added 6 classes and 0 folders.
[2020.06.08-17.41.37:248][435]LoadErrors: New page: Loading map: Debug_Map.umap
[2020.06.08-17.41.37:248][435]LogWorld: UWorld::CleanupWorld for Untitled, bSessionEnded=true, bCleanupResources=true
[2020.06.08-17.41.37:248][435]LogSlate: InvalidateAllWidgets triggered.  All widgets were invalidated
[2020.06.08-17.41.37:248][435]MapCheck: New page: Map Check
[2020.06.08-17.41.37:248][435]LightingResults: New page: Lighting Build
[2020.06.08-17.41.37:256][435]LogAISub: UAISubsystem::~UAISubsystem EnvQueryManager (0000025A22587C00), frame # 435
[2020.06.08-17.41.37:256][435]LogAISub: UAISubsystem::~UAISubsystem AIPerceptionSystem (0000025A225D9E40), frame # 435
[2020.06.08-17.41.37:257][435]LogUObjectHash: Compacting FUObjectHashTables data took   0.54ms
[2020.06.08-17.41.37:268][435]LogEditorServer: Finished looking for orphan Actors (0.000 secs)
[2020.06.08-17.41.37:268][435]LogAIModule: Creating AISystem for world Debug_Map
[2020.06.08-17.41.37:268][435]LogAISub: UAISubsystem::UAISubsystem EnvQueryManager (0000025A225E8400), frame # 435
[2020.06.08-17.41.37:268][435]LogAISub: UAISubsystem::UAISubsystem AIPerceptionSystem (0000025A4A45A480), frame # 435
[2020.06.08-17.41.37:280][435]LogUObjectHash: Compacting FUObjectHashTables data took   0.47ms
[2020.06.08-17.41.37:304][435]Cmd: MAP CHECKDEP NOCLEARLOG
[2020.06.08-17.41.37:304][435]MapCheck: Map check complete: 0 Error(s), 0 Warning(s), took 0,188ms to complete.
[2020.06.08-17.41.37:304][435]LogFileHelpers: Loading map 'Debug_Map' took 0.058
[2020.06.08-17.41.38:822][593]LogTemp: Repeating last play command: Selected Viewport
[2020.06.08-17.41.38:831][593]LogPlayLevel: PlayLevel: No blueprints needed recompiling
[2020.06.08-17.41.38:831][593]PIE: New page: PIE session: Debug_Map (8 juin 2020 09 h 41 min 38 s)
[2020.06.08-17.41.38:831][593]LogOnline: OSS: Creating online subsystem instance for: NULL
[2020.06.08-17.41.38:832][593]LogOnline: OSS: TryLoadSubsystemAndSetDefault: Loaded subsystem for module [NULL]
[2020.06.08-17.41.38:832][593]LogPlayLevel: Creating play world package: /Game/UEDPIE_0_Debug_Map
[2020.06.08-17.41.38:835][593]LogPlayLevel: PIE: StaticDuplicateObject took: (0.002148s)
[2020.06.08-17.41.38:836][593]LogAIModule: Creating AISystem for world Debug_Map
[2020.06.08-17.41.38:836][593]LogAISub: UAISubsystem::UAISubsystem EnvQueryManager (0000025A0B161400), frame # 593
[2020.06.08-17.41.38:836][593]LogAISub: UAISubsystem::UAISubsystem AIPerceptionSystem (0000025A4A39D580), frame # 593
[2020.06.08-17.41.38:837][593]LogPlayLevel: PIE: World Init took: (0.001812s)
[2020.06.08-17.41.38:837][593]LogPlayLevel: PIE: Created PIE world by copying editor world from /Game/Debug_Map.Debug_Map to /Game/UEDPIE_0_Debug_Map.Debug_Map (0.004159s)
[2020.06.08-17.41.38:845][593]LogUObjectHash: Compacting FUObjectHashTables data took   0.58ms
[2020.06.08-17.41.38:846][593]LogAudioMixer: Display: Audio Mixer Platform Settings:
[2020.06.08-17.41.38:846][593]LogAudioMixer: Display: 	Sample Rate:						  48000
[2020.06.08-17.41.38:846][593]LogAudioMixer: Display: 	Callback Buffer Frame Size Requested: 1024
[2020.06.08-17.41.38:846][593]LogAudioMixer: Display: 	Callback Buffer Frame Size To Use:	  1024
[2020.06.08-17.41.38:846][593]LogAudioMixer: Display: 	Number of buffers to queue:			  2
[2020.06.08-17.41.38:846][593]LogAudioMixer: Display: 	Max Channels (voices):				  32
[2020.06.08-17.41.38:846][593]LogAudioMixer: Display: 	Number of Async Source Workers:		  0
[2020.06.08-17.41.38:846][593]LogAudio: Display: AudioDevice MaxSources: 32
[2020.06.08-17.41.38:847][593]LogAudio: Display: Using built-in audio occlusion.
[2020.06.08-17.41.38:847][593]LogAudioMixer: Display: Initializing audio mixer.
[2020.06.08-17.41.38:852][593]LogAudioMixer: Display: 0: FrontLeft
[2020.06.08-17.41.38:853][593]LogAudioMixer: Display: 1: FrontRight
[2020.06.08-17.41.38:872][593]LogAudioMixer: Display: Using Audio Device Casque pour téléphone (HyperX Virtual Surround Sound)
[2020.06.08-17.41.38:873][593]LogAudioMixer: Display: Initializing Sound Submixes...
[2020.06.08-17.41.38:873][593]LogAudioMixer: Display: Creating Master Submix 'MasterSubmixDefault'
[2020.06.08-17.41.38:873][593]LogAudioMixer: Display: Creating Master Submix 'MasterReverbSubmixDefault'
[2020.06.08-17.41.38:873][593]LogAudioMixer: Display: Creating Master Submix 'MasterEQSubmixDefault'
[2020.06.08-17.41.38:885][593]LogInit: FAudioDevice initialized.
[2020.06.08-17.41.38:900][593]LogLoad: Game class is 'PaperGameMode_C'
[2020.06.08-17.41.38:902][593]LogWorld: Bringing World /Game/UEDPIE_0_Debug_Map.Debug_Map up for play (max tick rate 0) at 2020.06.08-13.41.38
[2020.06.08-17.41.38:902][593]LogWorld: Bringing up level for play took: 0.001518
[2020.06.08-17.41.38:902][593]LogOnline: OSS: Creating online subsystem instance for: :Context_1
[2020.06.08-17.41.38:907][593]LogContentBrowser: Native class hierarchy updated for 'MovieSceneCapture' in 0.0003 seconds. Added 20 classes and 0 folders.
[2020.06.08-17.41.38:908][593]PIE: Server logged in
[2020.06.08-17.41.38:909][593]PIE: Play in editor total start time 0,079 seconds.
[2020.06.08-17.41.56:961][751]LogAudioMixer: Display: No commands were queued while flushing the source manager.
[2020.06.08-17.41.56:985][751]LogAudioMixer: Display: Flush succeeded in the source manager command queue (1).
[2020.06.08-17.41.57:005][751]LogAudioMixer: Display: Flush succeeded the source manager command queue (2).
[2020.06.08-17.41.57:006][751]LogSlate: Updating window title bar state: overlay mode, drag disabled, window buttons hidden, title bar hidden
[2020.06.08-17.41.57:006][751]LogWorld: BeginTearingDown for /Game/UEDPIE_0_Debug_Map
[2020.06.08-17.41.57:006][751]LogAudioMixer: Display: No commands were queued while flushing the source manager.
[2020.06.08-17.41.57:006][751]LogWorld: UWorld::CleanupWorld for Debug_Map, bSessionEnded=true, bCleanupResources=true
[2020.06.08-17.41.57:006][751]LogSlate: InvalidateAllWidgets triggered.  All widgets were invalidated
[2020.06.08-17.41.57:015][751]LogPlayLevel: Display: Shutting down PIE online subsystems
[2020.06.08-17.41.57:017][751]LogSlate: InvalidateAllWidgets triggered.  All widgets were invalidated
[2020.06.08-17.41.57:025][751]LogSlate: Updating window title bar state: overlay mode, drag disabled, window buttons hidden, title bar hidden
[2020.06.08-17.41.57:025][751]LogAudioMixer: Display: No commands were queued while flushing the source manager.
[2020.06.08-17.41.57:040][751]LogAISub: UAISubsystem::~UAISubsystem AIPerceptionSystem (0000025A4A39D580), frame # 2751
[2020.06.08-17.41.57:040][751]LogAISub: UAISubsystem::~UAISubsystem EnvQueryManager (0000025A0B161400), frame # 2751
[2020.06.08-17.41.57:041][751]LogUObjectHash: Compacting FUObjectHashTables data took   0.62ms
[2020.06.08-17.41.57:076][752]LogPlayLevel: Display: Destroying online subsystem :Context_1
[2020.06.08-17.41.59:464][  6]LogAssetEditorSubsystem: Opening Asset editor for Blueprint /Game/Blueprint/PaperCharacter_Prototype.PaperCharacter_Prototype
[2020.06.08-17.41.59:689][  6]LogContentBrowser: Native class hierarchy updated for 'BlueprintGraph' in 0.0006 seconds. Added 125 classes and 0 folders.
[2020.06.08-17.42.00:484][  6]LogSlate: Took 0.000158 seconds to synchronously load lazily loaded font '../../../Engine/Content/Slate/Fonts/Roboto-BoldCondensed.ttf' (158K)
[2020.06.08-17.42.02:995][247]LogSlate: Took 0.000118 seconds to synchronously load lazily loaded font '../../../Engine/Content/Slate/Fonts/Roboto-Italic.ttf' (157K)
[2020.06.08-17.42.20:292][433]BlueprintLog: New page: Compile PaperCharacter_Prototype
[2020.06.08-17.42.20:347][433]LogUObjectHash: Compacting FUObjectHashTables data took   2.23ms
[2020.06.08-17.42.20:464][433]LogSlate: Took 0.000115 seconds to synchronously load lazily loaded font '../../../Engine/Content/Slate/Fonts/DroidSansMono.ttf' (77K)
[2020.06.08-17.42.20:994][463]LogSavePackage: Moving '../../../../../../OneDrive/Documents/Unreal Projects/CandyBomination/Saved/PaperCharacter_Prototype6CEFCE604ACF11B9D6EB1680BBBCE01D.tmp' to '../../../../../../OneDrive/Documents/Unreal Projects/CandyBomination/Content/Blueprint/PaperCharacter_Prototype.uasset'
[2020.06.08-17.42.21:011][463]AssetCheck: New page: Asset Save: PaperCharacter_Prototype
[2020.06.08-17.42.21:011][463]LogContentValidation: Display: Validating Blueprint /Game/Blueprint/PaperCharacter_Prototype.PaperCharacter_Prototype
[2020.06.08-17.42.23:684][716]LogTemp: Repeating last play command: Selected Viewport
[2020.06.08-17.42.23:694][716]LogPlayLevel: PlayLevel: No blueprints needed recompiling
[2020.06.08-17.42.23:694][716]PIE: New page: PIE session: Debug_Map (8 juin 2020 09 h 42 min 23 s)
[2020.06.08-17.42.23:694][716]LogPlayLevel: Creating play world package: /Game/UEDPIE_0_Debug_Map
[2020.06.08-17.42.23:698][716]LogPlayLevel: PIE: StaticDuplicateObject took: (0.003352s)
[2020.06.08-17.42.23:699][716]LogAIModule: Creating AISystem for world Debug_Map
[2020.06.08-17.42.23:699][716]LogAISub: UAISubsystem::UAISubsystem EnvQueryManager (0000025A88254800), frame # 4716
[2020.06.08-17.42.23:699][716]LogAISub: UAISubsystem::UAISubsystem AIPerceptionSystem (0000025A4A3B6FC0), frame # 4716
[2020.06.08-17.42.23:699][716]LogPlayLevel: PIE: World Init took: (0.001409s)
[2020.06.08-17.42.23:699][716]LogPlayLevel: PIE: Created PIE world by copying editor world from /Game/Debug_Map.Debug_Map to /Game/UEDPIE_0_Debug_Map.Debug_Map (0.004889s)
[2020.06.08-17.42.23:721][716]LogUObjectHash: Compacting FUObjectHashTables data took   1.75ms
[2020.06.08-17.42.23:722][716]LogAudioMixer: Display: Audio Mixer Platform Settings:
[2020.06.08-17.42.23:722][716]LogAudioMixer: Display: 	Sample Rate:						  48000
[2020.06.08-17.42.23:722][716]LogAudioMixer: Display: 	Callback Buffer Frame Size Requested: 1024
[2020.06.08-17.42.23:722][716]LogAudioMixer: Display: 	Callback Buffer Frame Size To Use:	  1024
[2020.06.08-17.42.23:722][716]LogAudioMixer: Display: 	Number of buffers to queue:			  2
[2020.06.08-17.42.23:722][716]LogAudioMixer: Display: 	Max Channels (voices):				  32
[2020.06.08-17.42.23:722][716]LogAudioMixer: Display: 	Number of Async Source Workers:		  0
[2020.06.08-17.42.23:722][716]LogAudio: Display: AudioDevice MaxSources: 32
[2020.06.08-17.42.23:723][716]LogAudio: Display: Using built-in audio occlusion.
[2020.06.08-17.42.23:723][716]LogAudioMixer: Display: Initializing audio mixer.
[2020.06.08-17.42.23:728][716]LogAudioMixer: Display: 0: FrontLeft
[2020.06.08-17.42.23:728][716]LogAudioMixer: Display: 1: FrontRight
[2020.06.08-17.42.23:748][716]LogAudioMixer: Display: Using Audio Device Casque pour téléphone (HyperX Virtual Surround Sound)
[2020.06.08-17.42.23:749][716]LogAudioMixer: Display: Initializing Sound Submixes...
[2020.06.08-17.42.23:749][716]LogAudioMixer: Display: Creating Master Submix 'MasterSubmixDefault'
[2020.06.08-17.42.23:749][716]LogAudioMixer: Display: Creating Master Submix 'MasterReverbSubmixDefault'
[2020.06.08-17.42.23:749][716]LogAudioMixer: Display: Creating Master Submix 'MasterEQSubmixDefault'
[2020.06.08-17.42.23:760][716]LogInit: FAudioDevice initialized.
[2020.06.08-17.42.23:768][716]LogLoad: Game class is 'PaperGameMode_C'
[2020.06.08-17.42.23:770][716]LogWorld: Bringing World /Game/UEDPIE_0_Debug_Map.Debug_Map up for play (max tick rate 0) at 2020.06.08-13.42.23
[2020.06.08-17.42.23:770][716]LogWorld: Bringing up level for play took: 0.000934
[2020.06.08-17.42.23:770][716]LogOnline: OSS: Creating online subsystem instance for: :Context_3
[2020.06.08-17.42.23:773][716]PIE: Server logged in
[2020.06.08-17.42.23:774][716]PIE: Play in editor total start time 0,08 seconds.
[2020.06.08-17.43.05:561][283]LogAudioMixer: Display: No commands were queued while flushing the source manager.
[2020.06.08-17.43.05:575][283]LogAudioMixer: Display: Flush succeeded in the source manager command queue (1).
[2020.06.08-17.43.05:595][283]LogAudioMixer: Display: Flush succeeded the source manager command queue (2).
[2020.06.08-17.43.05:596][283]LogSlate: Updating window title bar state: overlay mode, drag disabled, window buttons hidden, title bar hidden
[2020.06.08-17.43.05:596][283]LogWorld: BeginTearingDown for /Game/UEDPIE_0_Debug_Map
[2020.06.08-17.43.05:596][283]LogAudioMixer: Display: No commands were queued while flushing the source manager.
[2020.06.08-17.43.05:596][283]LogWorld: UWorld::CleanupWorld for Debug_Map, bSessionEnded=true, bCleanupResources=true
[2020.06.08-17.43.05:596][283]LogSlate: InvalidateAllWidgets triggered.  All widgets were invalidated
[2020.06.08-17.43.05:604][283]LogPlayLevel: Display: Shutting down PIE online subsystems
[2020.06.08-17.43.05:607][283]LogSlate: InvalidateAllWidgets triggered.  All widgets were invalidated
[2020.06.08-17.43.05:627][283]LogAudioMixer: Display: No commands were queued while flushing the source manager.
[2020.06.08-17.43.05:641][283]LogSlate: Updating window title bar state: overlay mode, drag disabled, window buttons hidden, title bar hidden
[2020.06.08-17.43.05:642][283]LogAISub: UAISubsystem::~UAISubsystem AIPerceptionSystem (0000025A4A3B6FC0), frame # 9283
[2020.06.08-17.43.05:642][283]LogAISub: UAISubsystem::~UAISubsystem EnvQueryManager (0000025A88254800), frame # 9283
[2020.06.08-17.43.05:643][283]LogUObjectHash: Compacting FUObjectHashTables data took   1.50ms
[2020.06.08-17.43.05:663][284]LogPlayLevel: Display: Destroying online subsystem :Context_3
[2020.06.08-17.44.25:870][505]BlueprintLog: New page: Compile PaperCharacter_Prototype
[2020.06.08-17.44.25:928][505]LogUObjectHash: Compacting FUObjectHashTables data took   1.65ms
[2020.06.08-17.44.26:686][538]LogSavePackage: Moving '../../../../../../OneDrive/Documents/Unreal Projects/CandyBomination/Saved/PaperCharacter_Prototype86EDFA6E4D39CEE90CF776840C3546F0.tmp' to '../../../../../../OneDrive/Documents/Unreal Projects/CandyBomination/Content/Blueprint/PaperCharacter_Prototype.uasset'
[2020.06.08-17.44.26:697][538]AssetCheck: New page: Asset Save: PaperCharacter_Prototype
[2020.06.08-17.44.26:697][538]LogContentValidation: Display: Validating Blueprint /Game/Blueprint/PaperCharacter_Prototype.PaperCharacter_Prototype
[2020.06.08-17.44.29:848][773]LogTemp: Repeating last play command: Selected Viewport
[2020.06.08-17.44.29:859][773]LogPlayLevel: PlayLevel: No blueprints needed recompiling
[2020.06.08-17.44.29:859][773]PIE: New page: PIE session: Debug_Map (8 juin 2020 09 h 44 min 29 s)
[2020.06.08-17.44.29:859][773]LogPlayLevel: Creating play world package: /Game/UEDPIE_0_Debug_Map
[2020.06.08-17.44.29:861][773]LogPlayLevel: PIE: StaticDuplicateObject took: (0.001895s)
[2020.06.08-17.44.29:861][773]LogAIModule: Creating AISystem for world Debug_Map
[2020.06.08-17.44.29:862][773]LogAISub: UAISubsystem::UAISubsystem EnvQueryManager (0000025A8894BE00), frame # 15773
[2020.06.08-17.44.29:862][773]LogAISub: UAISubsystem::UAISubsystem AIPerceptionSystem (0000025A4EEE79C0), frame # 15773
[2020.06.08-17.44.29:862][773]LogPlayLevel: PIE: World Init took: (0.001005s)
[2020.06.08-17.44.29:862][773]LogPlayLevel: PIE: Created PIE world by copying editor world from /Game/Debug_Map.Debug_Map to /Game/UEDPIE_0_Debug_Map.Debug_Map (0.002991s)
[2020.06.08-17.44.29:884][773]LogUObjectHash: Compacting FUObjectHashTables data took   1.99ms
[2020.06.08-17.44.29:886][773]LogAudioMixer: Display: Audio Mixer Platform Settings:
[2020.06.08-17.44.29:886][773]LogAudioMixer: Display: 	Sample Rate:						  48000
[2020.06.08-17.44.29:886][773]LogAudioMixer: Display: 	Callback Buffer Frame Size Requested: 1024
[2020.06.08-17.44.29:886][773]LogAudioMixer: Display: 	Callback Buffer Frame Size To Use:	  1024
[2020.06.08-17.44.29:886][773]LogAudioMixer: Display: 	Number of buffers to queue:			  2
[2020.06.08-17.44.29:886][773]LogAudioMixer: Display: 	Max Channels (voices):				  32
[2020.06.08-17.44.29:886][773]LogAudioMixer: Display: 	Number of Async Source Workers:		  0
[2020.06.08-17.44.29:886][773]LogAudio: Display: AudioDevice MaxSources: 32
[2020.06.08-17.44.29:887][773]LogAudio: Display: Using built-in audio occlusion.
[2020.06.08-17.44.29:887][773]LogAudioMixer: Display: Initializing audio mixer.
[2020.06.08-17.44.29:892][773]LogAudioMixer: Display: 0: FrontLeft
[2020.06.08-17.44.29:892][773]LogAudioMixer: Display: 1: FrontRight
[2020.06.08-17.44.29:912][773]LogAudioMixer: Display: Using Audio Device Casque pour téléphone (HyperX Virtual Surround Sound)
[2020.06.08-17.44.29:912][773]LogAudioMixer: Display: Initializing Sound Submixes...
[2020.06.08-17.44.29:912][773]LogAudioMixer: Display: Creating Master Submix 'MasterSubmixDefault'
[2020.06.08-17.44.29:912][773]LogAudioMixer: Display: Creating Master Submix 'MasterReverbSubmixDefault'
[2020.06.08-17.44.29:913][773]LogAudioMixer: Display: Creating Master Submix 'MasterEQSubmixDefault'
[2020.06.08-17.44.29:923][773]LogInit: FAudioDevice initialized.
[2020.06.08-17.44.29:928][773]LogLoad: Game class is 'PaperGameMode_C'
[2020.06.08-17.44.29:930][773]LogWorld: Bringing World /Game/UEDPIE_0_Debug_Map.Debug_Map up for play (max tick rate 0) at 2020.06.08-13.44.29
[2020.06.08-17.44.29:930][773]LogWorld: Bringing up level for play took: 0.000741
[2020.06.08-17.44.29:930][773]LogOnline: OSS: Creating online subsystem instance for: :Context_4
[2020.06.08-17.44.29:932][773]PIE: Server logged in
[2020.06.08-17.44.29:933][773]PIE: Play in editor total start time 0,075 seconds.
[2020.06.08-17.44.50:528][239]LogAudioMixer: Display: No commands were queued while flushing the source manager.
[2020.06.08-17.44.50:545][239]LogAudioMixer: Display: Flush succeeded in the source manager command queue (1).
[2020.06.08-17.44.50:575][239]LogAudioMixer: Display: Flush succeeded the source manager command queue (2).
[2020.06.08-17.44.50:576][239]LogSlate: Updating window title bar state: overlay mode, drag disabled, window buttons hidden, title bar hidden
[2020.06.08-17.44.50:576][239]LogWorld: BeginTearingDown for /Game/UEDPIE_0_Debug_Map
[2020.06.08-17.44.50:576][239]LogAudioMixer: Display: No commands were queued while flushing the source manager.
[2020.06.08-17.44.50:576][239]LogWorld: UWorld::CleanupWorld for Debug_Map, bSessionEnded=true, bCleanupResources=true
[2020.06.08-17.44.50:576][239]LogSlate: InvalidateAllWidgets triggered.  All widgets were invalidated
[2020.06.08-17.44.50:584][239]LogPlayLevel: Display: Shutting down PIE online subsystems
[2020.06.08-17.44.50:587][239]LogSlate: InvalidateAllWidgets triggered.  All widgets were invalidated
[2020.06.08-17.44.50:609][239]LogAudioMixer: Display: No commands were queued while flushing the source manager.
[2020.06.08-17.44.50:624][239]LogSlate: Updating window title bar state: overlay mode, drag disabled, window buttons hidden, title bar hidden
[2020.06.08-17.44.50:624][239]LogAISub: UAISubsystem::~UAISubsystem AIPerceptionSystem (0000025A4EEE79C0), frame # 18239
[2020.06.08-17.44.50:624][239]LogAISub: UAISubsystem::~UAISubsystem EnvQueryManager (0000025A8894BE00), frame # 18239
[2020.06.08-17.44.50:626][239]LogUObjectHash: Compacting FUObjectHashTables data took   1.97ms
[2020.06.08-17.44.50:645][240]LogPlayLevel: Display: Destroying online subsystem :Context_4
[2020.06.08-17.45.17:778][503]BlueprintLog: New page: Compile PaperCharacter_Prototype
[2020.06.08-17.45.17:833][503]LogUObjectHash: Compacting FUObjectHashTables data took   1.52ms
[2020.06.08-17.45.18:428][530]LogSavePackage: Moving '../../../../../../OneDrive/Documents/Unreal Projects/CandyBomination/Saved/PaperCharacter_Prototype5D2378BB4BD3BF60A79CEFBE00EE930E.tmp' to '../../../../../../OneDrive/Documents/Unreal Projects/CandyBomination/Content/Blueprint/PaperCharacter_Prototype.uasset'
[2020.06.08-17.45.18:441][530]AssetCheck: New page: Asset Save: PaperCharacter_Prototype
[2020.06.08-17.45.18:441][530]LogContentValidation: Display: Validating Blueprint /Game/Blueprint/PaperCharacter_Prototype.PaperCharacter_Prototype
[2020.06.08-17.45.22:144][768]LogSlate: Window 'PaperCharacter_Prototype' being destroyed
[2020.06.08-17.45.22:153][768]LogSlate: Window 'PaperCharacter_Prototype' being destroyed
[2020.06.08-17.45.22:153][768]LogWorld: UWorld::CleanupWorld for World_0, bSessionEnded=true, bCleanupResources=true
[2020.06.08-17.45.22:153][768]LogSlate: InvalidateAllWidgets triggered.  All widgets were invalidated
[2020.06.08-17.45.23:216][877]LogTemp: Repeating last play command: Selected Viewport
[2020.06.08-17.45.23:226][877]LogPlayLevel: PlayLevel: No blueprints needed recompiling
[2020.06.08-17.45.23:226][877]PIE: New page: PIE session: Debug_Map (8 juin 2020 09 h 45 min 23 s)
[2020.06.08-17.45.23:226][877]LogPlayLevel: Creating play world package: /Game/UEDPIE_0_Debug_Map
[2020.06.08-17.45.23:228][877]LogPlayLevel: PIE: StaticDuplicateObject took: (0.001877s)
[2020.06.08-17.45.23:229][877]LogAIModule: Creating AISystem for world Debug_Map
[2020.06.08-17.45.23:229][877]LogAISub: UAISubsystem::UAISubsystem EnvQueryManager (0000025A4DEA2600), frame # 20877
[2020.06.08-17.45.23:229][877]LogAISub: UAISubsystem::UAISubsystem AIPerceptionSystem (0000025A3E532980), frame # 20877
[2020.06.08-17.45.23:229][877]LogPlayLevel: PIE: World Init took: (0.000929s)
[2020.06.08-17.45.23:229][877]LogPlayLevel: PIE: Created PIE world by copying editor world from /Game/Debug_Map.Debug_Map to /Game/UEDPIE_0_Debug_Map.Debug_Map (0.002893s)
[2020.06.08-17.45.23:251][877]LogUObjectHash: Compacting FUObjectHashTables data took   2.09ms
[2020.06.08-17.45.23:252][877]LogAudioMixer: Display: Audio Mixer Platform Settings:
[2020.06.08-17.45.23:252][877]LogAudioMixer: Display: 	Sample Rate:						  48000
[2020.06.08-17.45.23:252][877]LogAudioMixer: Display: 	Callback Buffer Frame Size Requested: 1024
[2020.06.08-17.45.23:252][877]LogAudioMixer: Display: 	Callback Buffer Frame Size To Use:	  1024
[2020.06.08-17.45.23:252][877]LogAudioMixer: Display: 	Number of buffers to queue:			  2
[2020.06.08-17.45.23:252][877]LogAudioMixer: Display: 	Max Channels (voices):				  32
[2020.06.08-17.45.23:252][877]LogAudioMixer: Display: 	Number of Async Source Workers:		  0
[2020.06.08-17.45.23:252][877]LogAudio: Display: AudioDevice MaxSources: 32
[2020.06.08-17.45.23:253][877]LogAudio: Display: Using built-in audio occlusion.
[2020.06.08-17.45.23:253][877]LogAudioMixer: Display: Initializing audio mixer.
[2020.06.08-17.45.23:259][877]LogAudioMixer: Display: 0: FrontLeft
[2020.06.08-17.45.23:259][877]LogAudioMixer: Display: 1: FrontRight
[2020.06.08-17.45.23:277][877]LogAudioMixer: Display: Using Audio Device Casque pour téléphone (HyperX Virtual Surround Sound)
[2020.06.08-17.45.23:278][877]LogAudioMixer: Display: Initializing Sound Submixes...
[2020.06.08-17.45.23:278][877]LogAudioMixer: Display: Creating Master Submix 'MasterSubmixDefault'
[2020.06.08-17.45.23:278][877]LogAudioMixer: Display: Creating Master Submix 'MasterReverbSubmixDefault'
[2020.06.08-17.45.23:278][877]LogAudioMixer: Display: Creating Master Submix 'MasterEQSubmixDefault'
[2020.06.08-17.45.23:290][877]LogInit: FAudioDevice initialized.
[2020.06.08-17.45.23:300][877]LogLoad: Game class is 'PaperGameMode_C'
[2020.06.08-17.45.23:301][877]LogWorld: Bringing World /Game/UEDPIE_0_Debug_Map.Debug_Map up for play (max tick rate 0) at 2020.06.08-13.45.23
[2020.06.08-17.45.23:301][877]LogWorld: Bringing up level for play took: 0.000822
[2020.06.08-17.45.23:301][877]LogOnline: OSS: Creating online subsystem instance for: :Context_5
[2020.06.08-17.45.23:304][877]PIE: Server logged in
[2020.06.08-17.45.23:304][877]PIE: Play in editor total start time 0,079 seconds.
[2020.06.08-17.45.54:169][568]LogAssetEditorSubsystem: Opening Asset editor for Blueprint /Game/Blueprint/PaperCharacter_Prototype.PaperCharacter_Prototype
[2020.06.08-17.45.58:864][808]LogAudioMixer: Display: No commands were queued while flushing the source manager.
[2020.06.08-17.45.58:875][808]LogAudioMixer: Display: Flush succeeded in the source manager command queue (1).
[2020.06.08-17.45.58:895][808]LogAudioMixer: Display: Flush succeeded the source manager command queue (2).
[2020.06.08-17.45.58:895][808]LogSlate: Updating window title bar state: overlay mode, drag disabled, window buttons hidden, title bar hidden
[2020.06.08-17.45.58:895][808]LogWorld: BeginTearingDown for /Game/UEDPIE_0_Debug_Map
[2020.06.08-17.45.58:895][808]LogAudioMixer: Display: No commands were queued while flushing the source manager.
[2020.06.08-17.45.58:895][808]LogWorld: UWorld::CleanupWorld for Debug_Map, bSessionEnded=true, bCleanupResources=true
[2020.06.08-17.45.58:896][808]LogSlate: InvalidateAllWidgets triggered.  All widgets were invalidated
[2020.06.08-17.45.58:903][808]LogPlayLevel: Display: Shutting down PIE online subsystems
[2020.06.08-17.45.58:907][808]LogSlate: InvalidateAllWidgets triggered.  All widgets were invalidated
[2020.06.08-17.45.58:926][808]LogAudioMixer: Display: No commands were queued while flushing the source manager.
[2020.06.08-17.45.58:941][808]LogSlate: Updating window title bar state: overlay mode, drag disabled, window buttons hidden, title bar hidden
[2020.06.08-17.45.58:942][808]LogAISub: UAISubsystem::~UAISubsystem AIPerceptionSystem (0000025A3E532980), frame # 24808
[2020.06.08-17.45.58:942][808]LogAISub: UAISubsystem::~UAISubsystem EnvQueryManager (0000025A4DEA2600), frame # 24808
[2020.06.08-17.45.58:944][808]LogUObjectHash: Compacting FUObjectHashTables data took   1.44ms
[2020.06.08-17.45.58:976][809]LogPlayLevel: Display: Destroying online subsystem :Context_5
[2020.06.08-17.46.40:537][760]BlueprintLog: New page: Compile PaperCharacter_Prototype
[2020.06.08-17.46.40:592][760]LogUObjectHash: Compacting FUObjectHashTables data took   1.69ms
[2020.06.08-17.46.41:274][789]LogSavePackage: Moving '../../../../../../OneDrive/Documents/Unreal Projects/CandyBomination/Saved/PaperCharacter_PrototypeA021FACF4B47C2FB583693B981398B85.tmp' to '../../../../../../OneDrive/Documents/Unreal Projects/CandyBomination/Content/Blueprint/PaperCharacter_Prototype.uasset'
[2020.06.08-17.46.41:286][789]AssetCheck: New page: Asset Save: PaperCharacter_Prototype
[2020.06.08-17.46.41:286][789]LogContentValidation: Display: Validating Blueprint /Game/Blueprint/PaperCharacter_Prototype.PaperCharacter_Prototype
[2020.06.08-17.46.43:381][963]LogTemp: Repeating last play command: Selected Viewport
[2020.06.08-17.46.43:391][963]LogPlayLevel: PlayLevel: No blueprints needed recompiling
[2020.06.08-17.46.43:391][963]PIE: New page: PIE session: Debug_Map (8 juin 2020 09 h 46 min 43 s)
[2020.06.08-17.46.43:391][963]LogPlayLevel: Creating play world package: /Game/UEDPIE_0_Debug_Map
[2020.06.08-17.46.43:393][963]LogPlayLevel: PIE: StaticDuplicateObject took: (0.001881s)
[2020.06.08-17.46.43:394][963]LogAIModule: Creating AISystem for world Debug_Map
[2020.06.08-17.46.43:394][963]LogAISub: UAISubsystem::UAISubsystem EnvQueryManager (0000025A88D06200), frame # 27963
[2020.06.08-17.46.43:394][963]LogAISub: UAISubsystem::UAISubsystem AIPerceptionSystem (0000025A89F95F80), frame # 27963
[2020.06.08-17.46.43:394][963]LogPlayLevel: PIE: World Init took: (0.001006s)
[2020.06.08-17.46.43:394][963]LogPlayLevel: PIE: Created PIE world by copying editor world from /Game/Debug_Map.Debug_Map to /Game/UEDPIE_0_Debug_Map.Debug_Map (0.002981s)
[2020.06.08-17.46.43:416][963]LogUObjectHash: Compacting FUObjectHashTables data took   1.99ms
[2020.06.08-17.46.43:418][963]LogAudioMixer: Display: Audio Mixer Platform Settings:
[2020.06.08-17.46.43:418][963]LogAudioMixer: Display: 	Sample Rate:						  48000
[2020.06.08-17.46.43:418][963]LogAudioMixer: Display: 	Callback Buffer Frame Size Requested: 1024
[2020.06.08-17.46.43:418][963]LogAudioMixer: Display: 	Callback Buffer Frame Size To Use:	  1024
[2020.06.08-17.46.43:418][963]LogAudioMixer: Display: 	Number of buffers to queue:			  2
[2020.06.08-17.46.43:418][963]LogAudioMixer: Display: 	Max Channels (voices):				  32
[2020.06.08-17.46.43:418][963]LogAudioMixer: Display: 	Number of Async Source Workers:		  0
[2020.06.08-17.46.43:418][963]LogAudio: Display: AudioDevice MaxSources: 32
[2020.06.08-17.46.43:419][963]LogAudio: Display: Using built-in audio occlusion.
[2020.06.08-17.46.43:419][963]LogAudioMixer: Display: Initializing audio mixer.
[2020.06.08-17.46.43:425][963]LogAudioMixer: Display: 0: FrontLeft
[2020.06.08-17.46.43:425][963]LogAudioMixer: Display: 1: FrontRight
[2020.06.08-17.46.43:444][963]LogAudioMixer: Display: Using Audio Device Casque pour téléphone (HyperX Virtual Surround Sound)
[2020.06.08-17.46.43:445][963]LogAudioMixer: Display: Initializing Sound Submixes...
[2020.06.08-17.46.43:445][963]LogAudioMixer: Display: Creating Master Submix 'MasterSubmixDefault'
[2020.06.08-17.46.43:445][963]LogAudioMixer: Display: Creating Master Submix 'MasterReverbSubmixDefault'
[2020.06.08-17.46.43:445][963]LogAudioMixer: Display: Creating Master Submix 'MasterEQSubmixDefault'
[2020.06.08-17.46.43:458][963]LogInit: FAudioDevice initialized.
[2020.06.08-17.46.43:467][963]LogLoad: Game class is 'PaperGameMode_C'
[2020.06.08-17.46.43:468][963]LogWorld: Bringing World /Game/UEDPIE_0_Debug_Map.Debug_Map up for play (max tick rate 0) at 2020.06.08-13.46.43
[2020.06.08-17.46.43:469][963]LogWorld: Bringing up level for play took: 0.000932
[2020.06.08-17.46.43:469][963]LogOnline: OSS: Creating online subsystem instance for: :Context_7
[2020.06.08-17.46.43:471][963]PIE: Server logged in
[2020.06.08-17.46.43:472][963]PIE: Play in editor total start time 0,083 seconds.
[2020.06.08-17.47.09:072][ 31]LogAudioMixer: Display: No commands were queued while flushing the source manager.
[2020.06.08-17.47.09:085][ 31]LogAudioMixer: Display: Flush succeeded in the source manager command queue (1).
[2020.06.08-17.47.09:104][ 31]LogAudioMixer: Display: Flush succeeded the source manager command queue (2).
[2020.06.08-17.47.09:105][ 31]LogSlate: Updating window title bar state: overlay mode, drag disabled, window buttons hidden, title bar hidden
[2020.06.08-17.47.09:105][ 31]LogWorld: BeginTearingDown for /Game/UEDPIE_0_Debug_Map
[2020.06.08-17.47.09:105][ 31]LogAudioMixer: Display: No commands were queued while flushing the source manager.
[2020.06.08-17.47.09:105][ 31]LogWorld: UWorld::CleanupWorld for Debug_Map, bSessionEnded=true, bCleanupResources=true
[2020.06.08-17.47.09:105][ 31]LogSlate: InvalidateAllWidgets triggered.  All widgets were invalidated
[2020.06.08-17.47.09:115][ 31]LogPlayLevel: Display: Shutting down PIE online subsystems
[2020.06.08-17.47.09:117][ 31]LogSlate: InvalidateAllWidgets triggered.  All widgets were invalidated
[2020.06.08-17.47.09:137][ 31]LogAudioMixer: Display: No commands were queued while flushing the source manager.
[2020.06.08-17.47.09:152][ 31]LogSlate: Updating window title bar state: overlay mode, drag disabled, window buttons hidden, title bar hidden
[2020.06.08-17.47.09:152][ 31]LogAISub: UAISubsystem::~UAISubsystem AIPerceptionSystem (0000025A89F95F80), frame # 31031
[2020.06.08-17.47.09:152][ 31]LogAISub: UAISubsystem::~UAISubsystem EnvQueryManager (0000025A88D06200), frame # 31031
[2020.06.08-17.47.09:154][ 31]LogUObjectHash: Compacting FUObjectHashTables data took   1.30ms
[2020.06.08-17.47.09:176][ 32]LogPlayLevel: Display: Destroying online subsystem :Context_7
[2020.06.08-17.47.12:832][409]LogUObjectHash: Compacting FUObjectHashTables data took   2.22ms
